{"/home/luiz.carraro/Projetos/sails-rest-blueprints/blueprints/_util/actionUtil.js":{"path":"/home/luiz.carraro/Projetos/sails-rest-blueprints/blueprints/_util/actionUtil.js","statementMap":{"0":{"start":{"line":1,"column":11},"end":{"line":1,"column":26}},"1":{"start":{"line":2,"column":8},"end":{"line":2,"column":34}},"2":{"start":{"line":3,"column":14},"end":{"line":3,"column":32}},"3":{"start":{"line":4,"column":20},"end":{"line":4,"column":45}},"4":{"start":{"line":7,"column":18},"end":{"line":7,"column":20}},"5":{"start":{"line":14,"column":17},"end":{"line":542,"column":1}},"6":{"start":{"line":16,"column":4},"end":{"line":16,"column":57}},"7":{"start":{"line":17,"column":19},"end":{"line":17,"column":65}},"8":{"start":{"line":18,"column":4},"end":{"line":21,"column":5}},"9":{"start":{"line":19,"column":6},"end":{"line":19,"column":48}},"10":{"start":{"line":20,"column":6},"end":{"line":20,"column":32}},"11":{"start":{"line":22,"column":4},"end":{"line":22,"column":20}},"12":{"start":{"line":34,"column":4},"end":{"line":34,"column":69}},"13":{"start":{"line":35,"column":4},"end":{"line":35,"column":67}},"14":{"start":{"line":36,"column":4},"end":{"line":36,"column":63}},"15":{"start":{"line":37,"column":4},"end":{"line":37,"column":69}},"16":{"start":{"line":39,"column":4},"end":{"line":39,"column":11}},"17":{"start":{"line":83,"column":4},"end":{"line":83,"column":69}},"18":{"start":{"line":84,"column":4},"end":{"line":84,"column":79}},"19":{"start":{"line":85,"column":4},"end":{"line":85,"column":63}},"20":{"start":{"line":86,"column":4},"end":{"line":86,"column":69}},"21":{"start":{"line":110,"column":2},"end":{"line":124,"column":6}},"22":{"start":{"line":113,"column":4},"end":{"line":119,"column":5}},"23":{"start":{"line":114,"column":5},"end":{"line":114,"column":35}},"24":{"start":{"line":116,"column":5},"end":{"line":118,"column":6}},"25":{"start":{"line":117,"column":6},"end":{"line":117,"column":54}},"26":{"start":{"line":120,"column":8},"end":{"line":120,"column":105}},"27":{"start":{"line":125,"column":2},"end":{"line":125,"column":15}},"28":{"start":{"line":138,"column":31},"end":{"line":138,"column":73}},"29":{"start":{"line":139,"column":17},"end":{"line":139,"column":28}},"30":{"start":{"line":140,"column":20},"end":{"line":140,"column":43}},"31":{"start":{"line":141,"column":23},"end":{"line":141,"column":40}},"32":{"start":{"line":148,"column":2},"end":{"line":151,"column":3}},"33":{"start":{"line":149,"column":3},"end":{"line":149,"column":53}},"34":{"start":{"line":150,"column":3},"end":{"line":150,"column":65}},"35":{"start":{"line":153,"column":2},"end":{"line":178,"column":13}},"36":{"start":{"line":156,"column":3},"end":{"line":158,"column":4}},"37":{"start":{"line":157,"column":4},"end":{"line":157,"column":66}},"38":{"start":{"line":167,"column":3},"end":{"line":177,"column":23}},"39":{"start":{"line":169,"column":5},"end":{"line":172,"column":27}},"40":{"start":{"line":174,"column":4},"end":{"line":176,"column":8}},"41":{"start":{"line":177,"column":10},"end":{"line":177,"column":23}},"42":{"start":{"line":194,"column":2},"end":{"line":194,"column":48}},"43":{"start":{"line":195,"column":2},"end":{"line":195,"column":62}},"44":{"start":{"line":198,"column":18},"end":{"line":198,"column":46}},"45":{"start":{"line":199,"column":2},"end":{"line":201,"column":3}},"46":{"start":{"line":200,"column":3},"end":{"line":200,"column":113}},"47":{"start":{"line":204,"column":15},"end":{"line":204,"column":63}},"48":{"start":{"line":207,"column":2},"end":{"line":207,"column":45}},"49":{"start":{"line":210,"column":2},"end":{"line":212,"column":6}},"50":{"start":{"line":211,"column":3},"end":{"line":211,"column":41}},"51":{"start":{"line":211,"column":29},"end":{"line":211,"column":41}},"52":{"start":{"line":215,"column":18},"end":{"line":215,"column":52}},"53":{"start":{"line":216,"column":2},"end":{"line":218,"column":4}},"54":{"start":{"line":219,"column":2},"end":{"line":221,"column":3}},"55":{"start":{"line":220,"column":3},"end":{"line":220,"column":53}},"56":{"start":{"line":223,"column":2},"end":{"line":223,"column":16}},"57":{"start":{"line":244,"column":33},"end":{"line":244,"column":80}},"58":{"start":{"line":245,"column":19},"end":{"line":245,"column":30}},"59":{"start":{"line":246,"column":22},"end":{"line":246,"column":43}},"60":{"start":{"line":247,"column":25},"end":{"line":247,"column":119}},"61":{"start":{"line":254,"column":4},"end":{"line":257,"column":5}},"62":{"start":{"line":255,"column":6},"end":{"line":255,"column":54}},"63":{"start":{"line":256,"column":6},"end":{"line":256,"column":64}},"64":{"start":{"line":259,"column":23},"end":{"line":259,"column":25}},"65":{"start":{"line":261,"column":4},"end":{"line":286,"column":7}},"66":{"start":{"line":263,"column":6},"end":{"line":265,"column":7}},"67":{"start":{"line":264,"column":8},"end":{"line":264,"column":68}},"68":{"start":{"line":274,"column":6},"end":{"line":285,"column":7}},"69":{"start":{"line":276,"column":10},"end":{"line":279,"column":32}},"70":{"start":{"line":281,"column":8},"end":{"line":284,"column":11}},"71":{"start":{"line":288,"column":4},"end":{"line":288,"column":69}},"72":{"start":{"line":301,"column":4},"end":{"line":301,"column":63}},"73":{"start":{"line":316,"column":33},"end":{"line":316,"column":86}},"74":{"start":{"line":318,"column":4},"end":{"line":324,"column":14}},"75":{"start":{"line":319,"column":20},"end":{"line":319,"column":22}},"76":{"start":{"line":320,"column":6},"end":{"line":322,"column":7}},"77":{"start":{"line":321,"column":8},"end":{"line":321,"column":68}},"78":{"start":{"line":323,"column":6},"end":{"line":323,"column":56}},"79":{"start":{"line":335,"column":4},"end":{"line":355,"column":7}},"80":{"start":{"line":338,"column":18},"end":{"line":338,"column":35}},"81":{"start":{"line":339,"column":28},"end":{"line":339,"column":52}},"82":{"start":{"line":341,"column":6},"end":{"line":343,"column":7}},"83":{"start":{"line":342,"column":8},"end":{"line":342,"column":36}},"84":{"start":{"line":346,"column":6},"end":{"line":354,"column":7}},"85":{"start":{"line":347,"column":8},"end":{"line":349,"column":11}},"86":{"start":{"line":348,"column":10},"end":{"line":348,"column":91}},"87":{"start":{"line":352,"column":11},"end":{"line":354,"column":7}},"88":{"start":{"line":353,"column":8},"end":{"line":353,"column":90}},"89":{"start":{"line":367,"column":13},"end":{"line":367,"column":93}},"90":{"start":{"line":374,"column":4},"end":{"line":374,"column":46}},"91":{"start":{"line":375,"column":4},"end":{"line":375,"column":14}},"92":{"start":{"line":386,"column":13},"end":{"line":386,"column":40}},"93":{"start":{"line":389,"column":4},"end":{"line":399,"column":5}},"94":{"start":{"line":391,"column":16},"end":{"line":396,"column":7}},"95":{"start":{"line":397,"column":6},"end":{"line":397,"column":23}},"96":{"start":{"line":398,"column":6},"end":{"line":398,"column":16}},"97":{"start":{"line":401,"column":4},"end":{"line":401,"column":14}},"98":{"start":{"line":427,"column":4},"end":{"line":427,"column":54}},"99":{"start":{"line":428,"column":4},"end":{"line":428,"column":109}},"100":{"start":{"line":431,"column":20},"end":{"line":431,"column":74}},"101":{"start":{"line":432,"column":4},"end":{"line":434,"column":5}},"102":{"start":{"line":433,"column":6},"end":{"line":433,"column":116}},"103":{"start":{"line":437,"column":16},"end":{"line":437,"column":37}},"104":{"start":{"line":441,"column":4},"end":{"line":449,"column":5}},"105":{"start":{"line":442,"column":6},"end":{"line":448,"column":7}},"106":{"start":{"line":443,"column":8},"end":{"line":443,"column":34}},"107":{"start":{"line":445,"column":8},"end":{"line":447,"column":111}},"108":{"start":{"line":453,"column":4},"end":{"line":475,"column":5}},"109":{"start":{"line":457,"column":6},"end":{"line":457,"column":30}},"110":{"start":{"line":460,"column":6},"end":{"line":460,"column":68}},"111":{"start":{"line":463,"column":6},"end":{"line":467,"column":9}},"112":{"start":{"line":464,"column":8},"end":{"line":466,"column":9}},"113":{"start":{"line":465,"column":10},"end":{"line":465,"column":22}},"114":{"start":{"line":470,"column":6},"end":{"line":473,"column":7}},"115":{"start":{"line":471,"column":8},"end":{"line":471,"column":29}},"116":{"start":{"line":472,"column":8},"end":{"line":472,"column":25}},"117":{"start":{"line":478,"column":4},"end":{"line":478,"column":69}},"118":{"start":{"line":481,"column":4},"end":{"line":481,"column":17}},"119":{"start":{"line":494,"column":16},"end":{"line":494,"column":59}},"120":{"start":{"line":495,"column":4},"end":{"line":497,"column":5}},"121":{"start":{"line":496,"column":6},"end":{"line":496,"column":77}},"122":{"start":{"line":499,"column":16},"end":{"line":499,"column":40}},"123":{"start":{"line":500,"column":4},"end":{"line":502,"column":5}},"124":{"start":{"line":501,"column":6},"end":{"line":501,"column":120}},"125":{"start":{"line":504,"column":4},"end":{"line":504,"column":17}},"126":{"start":{"line":508,"column":15},"end":{"line":508,"column":52}},"127":{"start":{"line":509,"column":4},"end":{"line":511,"column":5}},"128":{"start":{"line":510,"column":6},"end":{"line":510,"column":23}},"129":{"start":{"line":515,"column":4},"end":{"line":521,"column":5}},"130":{"start":{"line":516,"column":6},"end":{"line":520,"column":28}},"131":{"start":{"line":517,"column":8},"end":{"line":517,"column":32}},"132":{"start":{"line":522,"column":4},"end":{"line":522,"column":16}},"133":{"start":{"line":526,"column":24},"end":{"line":526,"column":71}},"134":{"start":{"line":527,"column":16},"end":{"line":527,"column":116}},"135":{"start":{"line":528,"column":4},"end":{"line":530,"column":5}},"136":{"start":{"line":529,"column":6},"end":{"line":529,"column":21}},"137":{"start":{"line":531,"column":4},"end":{"line":531,"column":17}},"138":{"start":{"line":535,"column":23},"end":{"line":535,"column":24}},"139":{"start":{"line":536,"column":15},"end":{"line":536,"column":111}},"140":{"start":{"line":537,"column":4},"end":{"line":539,"column":5}},"141":{"start":{"line":538,"column":6},"end":{"line":538,"column":19}},"142":{"start":{"line":540,"column":4},"end":{"line":540,"column":16}},"143":{"start":{"line":544,"column":0},"end":{"line":544,"column":28}}},"fnMap":{"0":{"name":"(anonymous_0)","decl":{"start":{"line":32,"column":19},"end":{"line":32,"column":20}},"loc":{"start":{"line":32,"column":69},"end":{"line":75,"column":3}},"line":32},"1":{"name":"(anonymous_1)","decl":{"start":{"line":82,"column":31},"end":{"line":82,"column":32}},"loc":{"start":{"line":82,"column":54},"end":{"line":101,"column":3}},"line":82},"2":{"name":"(anonymous_2)","decl":{"start":{"line":109,"column":18},"end":{"line":109,"column":19}},"loc":{"start":{"line":109,"column":69},"end":{"line":126,"column":2}},"line":109},"3":{"name":"(anonymous_3)","decl":{"start":{"line":110,"column":24},"end":{"line":110,"column":25}},"loc":{"start":{"line":110,"column":43},"end":{"line":124,"column":3}},"line":110},"4":{"name":"(anonymous_4)","decl":{"start":{"line":137,"column":15},"end":{"line":137,"column":16}},"loc":{"start":{"line":137,"column":39},"end":{"line":179,"column":2}},"line":137},"5":{"name":"populateEachAssociation","decl":{"start":{"line":153,"column":53},"end":{"line":153,"column":76}},"loc":{"start":{"line":153,"column":99},"end":{"line":178,"column":3}},"line":153},"6":{"name":"(anonymous_6)","decl":{"start":{"line":189,"column":14},"end":{"line":189,"column":15}},"loc":{"start":{"line":189,"column":38},"end":{"line":224,"column":2}},"line":189},"7":{"name":"(anonymous_7)","decl":{"start":{"line":210,"column":27},"end":{"line":210,"column":28}},"loc":{"start":{"line":210,"column":42},"end":{"line":212,"column":3}},"line":210},"8":{"name":"(anonymous_8)","decl":{"start":{"line":243,"column":19},"end":{"line":243,"column":20}},"loc":{"start":{"line":243,"column":40},"end":{"line":289,"column":3}},"line":243},"9":{"name":"(anonymous_9)","decl":{"start":{"line":261,"column":34},"end":{"line":261,"column":35}},"loc":{"start":{"line":261,"column":56},"end":{"line":286,"column":5}},"line":261},"10":{"name":"(anonymous_10)","decl":{"start":{"line":300,"column":17},"end":{"line":300,"column":18}},"loc":{"start":{"line":300,"column":40},"end":{"line":302,"column":3}},"line":300},"11":{"name":"(anonymous_11)","decl":{"start":{"line":315,"column":17},"end":{"line":315,"column":18}},"loc":{"start":{"line":315,"column":54},"end":{"line":325,"column":3}},"line":315},"12":{"name":"(anonymous_12)","decl":{"start":{"line":318,"column":34},"end":{"line":318,"column":35}},"loc":{"start":{"line":318,"column":63},"end":{"line":324,"column":5}},"line":318},"13":{"name":"(anonymous_13)","decl":{"start":{"line":334,"column":17},"end":{"line":334,"column":18}},"loc":{"start":{"line":334,"column":39},"end":{"line":356,"column":3}},"line":334},"14":{"name":"(anonymous_14)","decl":{"start":{"line":335,"column":37},"end":{"line":335,"column":38}},"loc":{"start":{"line":335,"column":53},"end":{"line":355,"column":5}},"line":335},"15":{"name":"(anonymous_15)","decl":{"start":{"line":347,"column":36},"end":{"line":347,"column":37}},"loc":{"start":{"line":347,"column":65},"end":{"line":349,"column":9}},"line":347},"16":{"name":"(anonymous_16)","decl":{"start":{"line":365,"column":11},"end":{"line":365,"column":12}},"loc":{"start":{"line":365,"column":25},"end":{"line":376,"column":3}},"line":365},"17":{"name":"(anonymous_17)","decl":{"start":{"line":385,"column":13},"end":{"line":385,"column":14}},"loc":{"start":{"line":385,"column":27},"end":{"line":402,"column":3}},"line":385},"18":{"name":"(anonymous_18)","decl":{"start":{"line":418,"column":17},"end":{"line":418,"column":18}},"loc":{"start":{"line":418,"column":31},"end":{"line":482,"column":3}},"line":418},"19":{"name":"(anonymous_19)","decl":{"start":{"line":463,"column":28},"end":{"line":463,"column":29}},"loc":{"start":{"line":463,"column":40},"end":{"line":467,"column":7}},"line":463},"20":{"name":"(anonymous_20)","decl":{"start":{"line":491,"column":14},"end":{"line":491,"column":15}},"loc":{"start":{"line":491,"column":28},"end":{"line":505,"column":3}},"line":491},"21":{"name":"(anonymous_21)","decl":{"start":{"line":507,"column":13},"end":{"line":507,"column":14}},"loc":{"start":{"line":507,"column":27},"end":{"line":523,"column":3}},"line":507},"22":{"name":"(anonymous_22)","decl":{"start":{"line":525,"column":14},"end":{"line":525,"column":15}},"loc":{"start":{"line":525,"column":28},"end":{"line":532,"column":3}},"line":525},"23":{"name":"(anonymous_23)","decl":{"start":{"line":534,"column":13},"end":{"line":534,"column":14}},"loc":{"start":{"line":534,"column":27},"end":{"line":541,"column":3}},"line":534}},"branchMap":{"0":{"loc":{"start":{"line":17,"column":19},"end":{"line":17,"column":65}},"type":"cond-expr","locations":[{"start":{"line":17,"column":54},"end":{"line":17,"column":58}},{"start":{"line":17,"column":60},"end":{"line":17,"column":65}}],"line":17},"1":{"loc":{"start":{"line":18,"column":4},"end":{"line":21,"column":5}},"type":"if","locations":[{"start":{"line":18,"column":4},"end":{"line":21,"column":5}},{"start":{"line":18,"column":4},"end":{"line":21,"column":5}}],"line":18},"2":{"loc":{"start":{"line":19,"column":17},"end":{"line":19,"column":47}},"type":"binary-expr","locations":[{"start":{"line":19,"column":17},"end":{"line":19,"column":35}},{"start":{"line":19,"column":39},"end":{"line":19,"column":47}}],"line":19},"3":{"loc":{"start":{"line":109,"column":50},"end":{"line":109,"column":66}},"type":"default-arg","locations":[{"start":{"line":109,"column":61},"end":{"line":109,"column":66}}],"line":109},"4":{"loc":{"start":{"line":113,"column":4},"end":{"line":119,"column":5}},"type":"if","locations":[{"start":{"line":113,"column":4},"end":{"line":119,"column":5}},{"start":{"line":113,"column":4},"end":{"line":119,"column":5}}],"line":113},"5":{"loc":{"start":{"line":116,"column":5},"end":{"line":118,"column":6}},"type":"if","locations":[{"start":{"line":116,"column":5},"end":{"line":118,"column":6}},{"start":{"line":116,"column":5},"end":{"line":118,"column":6}}],"line":116},"6":{"loc":{"start":{"line":120,"column":75},"end":{"line":120,"column":101}},"type":"cond-expr","locations":[{"start":{"line":120,"column":85},"end":{"line":120,"column":95}},{"start":{"line":120,"column":97},"end":{"line":120,"column":101}}],"line":120},"7":{"loc":{"start":{"line":138,"column":31},"end":{"line":138,"column":73}},"type":"binary-expr","locations":[{"start":{"line":138,"column":31},"end":{"line":138,"column":67}},{"start":{"line":138,"column":71},"end":{"line":138,"column":73}}],"line":138},"8":{"loc":{"start":{"line":148,"column":2},"end":{"line":151,"column":3}},"type":"if","locations":[{"start":{"line":148,"column":2},"end":{"line":151,"column":3}},{"start":{"line":148,"column":2},"end":{"line":151,"column":3}}],"line":148},"9":{"loc":{"start":{"line":150,"column":17},"end":{"line":150,"column":64}},"type":"cond-expr","locations":[{"start":{"line":150,"column":35},"end":{"line":150,"column":59}},{"start":{"line":150,"column":62},"end":{"line":150,"column":64}}],"line":150},"10":{"loc":{"start":{"line":156,"column":3},"end":{"line":158,"column":4}},"type":"if","locations":[{"start":{"line":156,"column":3},"end":{"line":158,"column":4}},{"start":{"line":156,"column":3},"end":{"line":158,"column":4}}],"line":156},"11":{"loc":{"start":{"line":167,"column":3},"end":{"line":177,"column":23}},"type":"if","locations":[{"start":{"line":167,"column":3},"end":{"line":177,"column":23}},{"start":{"line":167,"column":3},"end":{"line":177,"column":23}}],"line":167},"12":{"loc":{"start":{"line":169,"column":5},"end":{"line":172,"column":27}},"type":"binary-expr","locations":[{"start":{"line":169,"column":5},"end":{"line":169,"column":59}},{"start":{"line":170,"column":5},"end":{"line":170,"column":28}},{"start":{"line":171,"column":5},"end":{"line":171,"column":19}},{"start":{"line":172,"column":5},"end":{"line":172,"column":27}}],"line":169},"13":{"loc":{"start":{"line":194,"column":23},"end":{"line":194,"column":47}},"type":"binary-expr","locations":[{"start":{"line":194,"column":23},"end":{"line":194,"column":41}},{"start":{"line":194,"column":45},"end":{"line":194,"column":47}}],"line":194},"14":{"loc":{"start":{"line":199,"column":2},"end":{"line":201,"column":3}},"type":"if","locations":[{"start":{"line":199,"column":2},"end":{"line":201,"column":3}},{"start":{"line":199,"column":2},"end":{"line":201,"column":3}}],"line":199},"15":{"loc":{"start":{"line":199,"column":7},"end":{"line":199,"column":43}},"type":"binary-expr","locations":[{"start":{"line":199,"column":7},"end":{"line":199,"column":16}},{"start":{"line":199,"column":20},"end":{"line":199,"column":43}}],"line":199},"16":{"loc":{"start":{"line":204,"column":15},"end":{"line":204,"column":63}},"type":"binary-expr","locations":[{"start":{"line":204,"column":15},"end":{"line":204,"column":57}},{"start":{"line":204,"column":61},"end":{"line":204,"column":63}}],"line":204},"17":{"loc":{"start":{"line":207,"column":27},"end":{"line":207,"column":42}},"type":"binary-expr","locations":[{"start":{"line":207,"column":27},"end":{"line":207,"column":36}},{"start":{"line":207,"column":40},"end":{"line":207,"column":42}}],"line":207},"18":{"loc":{"start":{"line":211,"column":3},"end":{"line":211,"column":41}},"type":"if","locations":[{"start":{"line":211,"column":3},"end":{"line":211,"column":41}},{"start":{"line":211,"column":3},"end":{"line":211,"column":41}}],"line":211},"19":{"loc":{"start":{"line":215,"column":18},"end":{"line":215,"column":52}},"type":"binary-expr","locations":[{"start":{"line":215,"column":18},"end":{"line":215,"column":35}},{"start":{"line":215,"column":39},"end":{"line":215,"column":52}}],"line":215},"20":{"loc":{"start":{"line":216,"column":14},"end":{"line":218,"column":3}},"type":"cond-expr","locations":[{"start":{"line":216,"column":40},"end":{"line":216,"column":49}},{"start":{"line":216,"column":52},"end":{"line":218,"column":3}}],"line":216},"21":{"loc":{"start":{"line":219,"column":2},"end":{"line":221,"column":3}},"type":"if","locations":[{"start":{"line":219,"column":2},"end":{"line":221,"column":3}},{"start":{"line":219,"column":2},"end":{"line":221,"column":3}}],"line":219},"22":{"loc":{"start":{"line":244,"column":33},"end":{"line":244,"column":80}},"type":"binary-expr","locations":[{"start":{"line":244,"column":33},"end":{"line":244,"column":74}},{"start":{"line":244,"column":78},"end":{"line":244,"column":80}}],"line":244},"23":{"loc":{"start":{"line":247,"column":25},"end":{"line":247,"column":119}},"type":"cond-expr","locations":[{"start":{"line":247,"column":61},"end":{"line":247,"column":98}},{"start":{"line":247,"column":102},"end":{"line":247,"column":119}}],"line":247},"24":{"loc":{"start":{"line":254,"column":4},"end":{"line":257,"column":5}},"type":"if","locations":[{"start":{"line":254,"column":4},"end":{"line":257,"column":5}},{"start":{"line":254,"column":4},"end":{"line":257,"column":5}}],"line":254},"25":{"loc":{"start":{"line":256,"column":20},"end":{"line":256,"column":63}},"type":"cond-expr","locations":[{"start":{"line":256,"column":36},"end":{"line":256,"column":58}},{"start":{"line":256,"column":61},"end":{"line":256,"column":63}}],"line":256},"26":{"loc":{"start":{"line":263,"column":6},"end":{"line":265,"column":7}},"type":"if","locations":[{"start":{"line":263,"column":6},"end":{"line":265,"column":7}},{"start":{"line":263,"column":6},"end":{"line":265,"column":7}}],"line":263},"27":{"loc":{"start":{"line":274,"column":6},"end":{"line":285,"column":7}},"type":"if","locations":[{"start":{"line":274,"column":6},"end":{"line":285,"column":7}},{"start":{"line":274,"column":6},"end":{"line":285,"column":7}}],"line":274},"28":{"loc":{"start":{"line":276,"column":10},"end":{"line":279,"column":32}},"type":"binary-expr","locations":[{"start":{"line":276,"column":10},"end":{"line":276,"column":62}},{"start":{"line":277,"column":10},"end":{"line":277,"column":33}},{"start":{"line":278,"column":10},"end":{"line":278,"column":24}},{"start":{"line":279,"column":10},"end":{"line":279,"column":32}}],"line":276},"29":{"loc":{"start":{"line":316,"column":33},"end":{"line":316,"column":86}},"type":"binary-expr","locations":[{"start":{"line":316,"column":34},"end":{"line":316,"column":39}},{"start":{"line":316,"column":43},"end":{"line":316,"column":79}},{"start":{"line":316,"column":84},"end":{"line":316,"column":86}}],"line":316},"30":{"loc":{"start":{"line":320,"column":6},"end":{"line":322,"column":7}},"type":"if","locations":[{"start":{"line":320,"column":6},"end":{"line":322,"column":7}},{"start":{"line":320,"column":6},"end":{"line":322,"column":7}}],"line":320},"31":{"loc":{"start":{"line":321,"column":24},"end":{"line":321,"column":67}},"type":"binary-expr","locations":[{"start":{"line":321,"column":24},"end":{"line":321,"column":41}},{"start":{"line":321,"column":45},"end":{"line":321,"column":67}}],"line":321},"32":{"loc":{"start":{"line":341,"column":6},"end":{"line":343,"column":7}},"type":"if","locations":[{"start":{"line":341,"column":6},"end":{"line":343,"column":7}},{"start":{"line":341,"column":6},"end":{"line":343,"column":7}}],"line":341},"33":{"loc":{"start":{"line":346,"column":6},"end":{"line":354,"column":7}},"type":"if","locations":[{"start":{"line":346,"column":6},"end":{"line":354,"column":7}},{"start":{"line":346,"column":6},"end":{"line":354,"column":7}}],"line":346},"34":{"loc":{"start":{"line":352,"column":11},"end":{"line":354,"column":7}},"type":"if","locations":[{"start":{"line":352,"column":11},"end":{"line":354,"column":7}},{"start":{"line":352,"column":11},"end":{"line":354,"column":7}}],"line":352},"35":{"loc":{"start":{"line":352,"column":15},"end":{"line":352,"column":72}},"type":"binary-expr","locations":[{"start":{"line":352,"column":15},"end":{"line":352,"column":37}},{"start":{"line":352,"column":41},"end":{"line":352,"column":72}}],"line":352},"36":{"loc":{"start":{"line":367,"column":13},"end":{"line":367,"column":93}},"type":"binary-expr","locations":[{"start":{"line":367,"column":13},"end":{"line":367,"column":27}},{"start":{"line":367,"column":32},"end":{"line":367,"column":49}},{"start":{"line":367,"column":53},"end":{"line":367,"column":73}},{"start":{"line":367,"column":78},"end":{"line":367,"column":93}}],"line":367},"37":{"loc":{"start":{"line":374,"column":9},"end":{"line":374,"column":45}},"type":"cond-expr","locations":[{"start":{"line":374,"column":31},"end":{"line":374,"column":40}},{"start":{"line":374,"column":43},"end":{"line":374,"column":45}}],"line":374},"38":{"loc":{"start":{"line":389,"column":4},"end":{"line":399,"column":5}},"type":"if","locations":[{"start":{"line":389,"column":4},"end":{"line":399,"column":5}},{"start":{"line":389,"column":4},"end":{"line":399,"column":5}}],"line":389},"39":{"loc":{"start":{"line":427,"column":27},"end":{"line":427,"column":53}},"type":"binary-expr","locations":[{"start":{"line":427,"column":27},"end":{"line":427,"column":47}},{"start":{"line":427,"column":51},"end":{"line":427,"column":53}}],"line":427},"40":{"loc":{"start":{"line":428,"column":37},"end":{"line":428,"column":108}},"type":"binary-expr","locations":[{"start":{"line":428,"column":37},"end":{"line":428,"column":67}},{"start":{"line":428,"column":71},"end":{"line":428,"column":108}}],"line":428},"41":{"loc":{"start":{"line":431,"column":20},"end":{"line":431,"column":74}},"type":"binary-expr","locations":[{"start":{"line":431,"column":20},"end":{"line":431,"column":40}},{"start":{"line":431,"column":44},"end":{"line":431,"column":74}}],"line":431},"42":{"loc":{"start":{"line":432,"column":4},"end":{"line":434,"column":5}},"type":"if","locations":[{"start":{"line":432,"column":4},"end":{"line":434,"column":5}},{"start":{"line":432,"column":4},"end":{"line":434,"column":5}}],"line":432},"43":{"loc":{"start":{"line":432,"column":8},"end":{"line":432,"column":42}},"type":"binary-expr","locations":[{"start":{"line":432,"column":8},"end":{"line":432,"column":17}},{"start":{"line":432,"column":21},"end":{"line":432,"column":42}}],"line":432},"44":{"loc":{"start":{"line":441,"column":4},"end":{"line":449,"column":5}},"type":"if","locations":[{"start":{"line":441,"column":4},"end":{"line":449,"column":5}},{"start":{"line":441,"column":4},"end":{"line":449,"column":5}}],"line":441},"45":{"loc":{"start":{"line":453,"column":4},"end":{"line":475,"column":5}},"type":"if","locations":[{"start":{"line":453,"column":4},"end":{"line":475,"column":5}},{"start":{"line":453,"column":4},"end":{"line":475,"column":5}}],"line":453},"46":{"loc":{"start":{"line":460,"column":28},"end":{"line":460,"column":66}},"type":"binary-expr","locations":[{"start":{"line":460,"column":28},"end":{"line":460,"column":37}},{"start":{"line":460,"column":41},"end":{"line":460,"column":66}}],"line":460},"47":{"loc":{"start":{"line":464,"column":8},"end":{"line":466,"column":9}},"type":"if","locations":[{"start":{"line":464,"column":8},"end":{"line":466,"column":9}},{"start":{"line":464,"column":8},"end":{"line":466,"column":9}}],"line":464},"48":{"loc":{"start":{"line":470,"column":6},"end":{"line":473,"column":7}},"type":"if","locations":[{"start":{"line":470,"column":6},"end":{"line":473,"column":7}},{"start":{"line":470,"column":6},"end":{"line":473,"column":7}}],"line":470},"49":{"loc":{"start":{"line":478,"column":12},"end":{"line":478,"column":68}},"type":"binary-expr","locations":[{"start":{"line":478,"column":12},"end":{"line":478,"column":55}},{"start":{"line":478,"column":59},"end":{"line":478,"column":68}}],"line":478},"50":{"loc":{"start":{"line":478,"column":24},"end":{"line":478,"column":47}},"type":"binary-expr","locations":[{"start":{"line":478,"column":24},"end":{"line":478,"column":41}},{"start":{"line":478,"column":45},"end":{"line":478,"column":47}}],"line":478},"51":{"loc":{"start":{"line":494,"column":16},"end":{"line":494,"column":59}},"type":"binary-expr","locations":[{"start":{"line":494,"column":16},"end":{"line":494,"column":33}},{"start":{"line":494,"column":37},"end":{"line":494,"column":59}}],"line":494},"52":{"loc":{"start":{"line":495,"column":4},"end":{"line":497,"column":5}},"type":"if","locations":[{"start":{"line":495,"column":4},"end":{"line":497,"column":5}},{"start":{"line":495,"column":4},"end":{"line":497,"column":5}}],"line":495},"53":{"loc":{"start":{"line":500,"column":4},"end":{"line":502,"column":5}},"type":"if","locations":[{"start":{"line":500,"column":4},"end":{"line":502,"column":5}},{"start":{"line":500,"column":4},"end":{"line":502,"column":5}}],"line":500},"54":{"loc":{"start":{"line":508,"column":15},"end":{"line":508,"column":52}},"type":"binary-expr","locations":[{"start":{"line":508,"column":15},"end":{"line":508,"column":32}},{"start":{"line":508,"column":36},"end":{"line":508,"column":52}}],"line":508},"55":{"loc":{"start":{"line":509,"column":4},"end":{"line":511,"column":5}},"type":"if","locations":[{"start":{"line":509,"column":4},"end":{"line":511,"column":5}},{"start":{"line":509,"column":4},"end":{"line":511,"column":5}}],"line":509},"56":{"loc":{"start":{"line":515,"column":4},"end":{"line":521,"column":5}},"type":"if","locations":[{"start":{"line":515,"column":4},"end":{"line":521,"column":5}},{"start":{"line":515,"column":4},"end":{"line":521,"column":5}}],"line":515},"57":{"loc":{"start":{"line":526,"column":24},"end":{"line":526,"column":71}},"type":"binary-expr","locations":[{"start":{"line":526,"column":24},"end":{"line":526,"column":65}},{"start":{"line":526,"column":69},"end":{"line":526,"column":71}}],"line":526},"58":{"loc":{"start":{"line":527,"column":16},"end":{"line":527,"column":116}},"type":"binary-expr","locations":[{"start":{"line":527,"column":16},"end":{"line":527,"column":34}},{"start":{"line":527,"column":39},"end":{"line":527,"column":115}}],"line":527},"59":{"loc":{"start":{"line":527,"column":39},"end":{"line":527,"column":115}},"type":"cond-expr","locations":[{"start":{"line":527,"column":82},"end":{"line":527,"column":99}},{"start":{"line":527,"column":102},"end":{"line":527,"column":115}}],"line":527},"60":{"loc":{"start":{"line":528,"column":4},"end":{"line":530,"column":5}},"type":"if","locations":[{"start":{"line":528,"column":4},"end":{"line":530,"column":5}},{"start":{"line":528,"column":4},"end":{"line":530,"column":5}}],"line":528},"61":{"loc":{"start":{"line":536,"column":15},"end":{"line":536,"column":111}},"type":"binary-expr","locations":[{"start":{"line":536,"column":15},"end":{"line":536,"column":32}},{"start":{"line":536,"column":37},"end":{"line":536,"column":110}}],"line":536},"62":{"loc":{"start":{"line":536,"column":37},"end":{"line":536,"column":110}},"type":"cond-expr","locations":[{"start":{"line":536,"column":79},"end":{"line":536,"column":95}},{"start":{"line":536,"column":98},"end":{"line":536,"column":110}}],"line":536},"63":{"loc":{"start":{"line":537,"column":4},"end":{"line":539,"column":5}},"type":"if","locations":[{"start":{"line":537,"column":4},"end":{"line":539,"column":5}},{"start":{"line":537,"column":4},"end":{"line":539,"column":5}}],"line":537}},"s":{"0":0,"1":0,"2":0,"3":0,"4":0,"5":0,"6":0,"7":0,"8":0,"9":0,"10":0,"11":0,"12":0,"13":0,"14":0,"15":0,"16":0,"17":0,"18":0,"19":0,"20":0,"21":0,"22":0,"23":0,"24":0,"25":0,"26":0,"27":0,"28":0,"29":0,"30":0,"31":0,"32":0,"33":0,"34":0,"35":0,"36":0,"37":0,"38":0,"39":0,"40":0,"41":0,"42":0,"43":0,"44":0,"45":0,"46":0,"47":0,"48":0,"49":0,"50":0,"51":0,"52":0,"53":0,"54":0,"55":0,"56":0,"57":0,"58":0,"59":0,"60":0,"61":0,"62":0,"63":0,"64":0,"65":0,"66":0,"67":0,"68":0,"69":0,"70":0,"71":0,"72":0,"73":0,"74":0,"75":0,"76":0,"77":0,"78":0,"79":0,"80":0,"81":0,"82":0,"83":0,"84":0,"85":0,"86":0,"87":0,"88":0,"89":0,"90":0,"91":0,"92":0,"93":0,"94":0,"95":0,"96":0,"97":0,"98":0,"99":0,"100":0,"101":0,"102":0,"103":0,"104":0,"105":0,"106":0,"107":0,"108":0,"109":0,"110":0,"111":0,"112":0,"113":0,"114":0,"115":0,"116":0,"117":0,"118":0,"119":0,"120":0,"121":0,"122":0,"123":0,"124":0,"125":0,"126":0,"127":0,"128":0,"129":0,"130":0,"131":0,"132":0,"133":0,"134":0,"135":0,"136":0,"137":0,"138":0,"139":0,"140":0,"141":0,"142":0,"143":0},"f":{"0":0,"1":0,"2":0,"3":0,"4":0,"5":0,"6":0,"7":0,"8":0,"9":0,"10":0,"11":0,"12":0,"13":0,"14":0,"15":0,"16":0,"17":0,"18":0,"19":0,"20":0,"21":0,"22":0,"23":0},"b":{"0":[0,0],"1":[0,0],"2":[0,0],"3":[0],"4":[0,0],"5":[0,0],"6":[0,0],"7":[0,0],"8":[0,0],"9":[0,0],"10":[0,0],"11":[0,0],"12":[0,0,0,0],"13":[0,0],"14":[0,0],"15":[0,0],"16":[0,0],"17":[0,0],"18":[0,0],"19":[0,0],"20":[0,0],"21":[0,0],"22":[0,0],"23":[0,0],"24":[0,0],"25":[0,0],"26":[0,0],"27":[0,0],"28":[0,0,0,0],"29":[0,0,0],"30":[0,0],"31":[0,0],"32":[0,0],"33":[0,0],"34":[0,0],"35":[0,0],"36":[0,0,0,0],"37":[0,0],"38":[0,0],"39":[0,0],"40":[0,0],"41":[0,0],"42":[0,0],"43":[0,0],"44":[0,0],"45":[0,0],"46":[0,0],"47":[0,0],"48":[0,0],"49":[0,0],"50":[0,0],"51":[0,0],"52":[0,0],"53":[0,0],"54":[0,0],"55":[0,0],"56":[0,0],"57":[0,0],"58":[0,0],"59":[0,0],"60":[0,0],"61":[0,0],"62":[0,0],"63":[0,0]}},"/home/luiz.carraro/Projetos/sails-rest-blueprints/blueprints/_util/advancedActionUtil.js":{"path":"/home/luiz.carraro/Projetos/sails-rest-blueprints/blueprints/_util/advancedActionUtil.js","statementMap":{"0":{"start":{"line":1,"column":10},"end":{"line":1,"column":29}},"1":{"start":{"line":2,"column":8},"end":{"line":2,"column":25}},"2":{"start":{"line":4,"column":29},"end":{"line":4,"column":39}},"3":{"start":{"line":11,"column":0},"end":{"line":397,"column":2}},"4":{"start":{"line":20,"column":29},"end":{"line":23,"column":3}},"5":{"start":{"line":24,"column":21},"end":{"line":24,"column":39}},"6":{"start":{"line":25,"column":19},"end":{"line":25,"column":35}},"7":{"start":{"line":26,"column":2},"end":{"line":31,"column":6}},"8":{"start":{"line":27,"column":3},"end":{"line":27,"column":102}},"9":{"start":{"line":28,"column":3},"end":{"line":30,"column":4}},"10":{"start":{"line":29,"column":4},"end":{"line":29,"column":54}},"11":{"start":{"line":32,"column":2},"end":{"line":32,"column":22}},"12":{"start":{"line":44,"column":2},"end":{"line":44,"column":67}},"13":{"start":{"line":45,"column":2},"end":{"line":45,"column":65}},"14":{"start":{"line":46,"column":2},"end":{"line":46,"column":61}},"15":{"start":{"line":47,"column":2},"end":{"line":47,"column":67}},"16":{"start":{"line":49,"column":2},"end":{"line":81,"column":12}},"17":{"start":{"line":50,"column":3},"end":{"line":80,"column":4}},"18":{"start":{"line":51,"column":21},"end":{"line":51,"column":25}},"19":{"start":{"line":52,"column":24},"end":{"line":52,"column":26}},"20":{"start":{"line":54,"column":4},"end":{"line":72,"column":5}},"21":{"start":{"line":55,"column":5},"end":{"line":55,"column":54}},"22":{"start":{"line":56,"column":5},"end":{"line":56,"column":49}},"23":{"start":{"line":57,"column":5},"end":{"line":60,"column":9}},"24":{"start":{"line":58,"column":6},"end":{"line":58,"column":52}},"25":{"start":{"line":59,"column":6},"end":{"line":59,"column":37}},"26":{"start":{"line":61,"column":11},"end":{"line":72,"column":5}},"27":{"start":{"line":62,"column":5},"end":{"line":62,"column":57}},"28":{"start":{"line":63,"column":5},"end":{"line":63,"column":44}},"29":{"start":{"line":64,"column":5},"end":{"line":67,"column":9}},"30":{"start":{"line":65,"column":6},"end":{"line":65,"column":52}},"31":{"start":{"line":66,"column":6},"end":{"line":66,"column":37}},"32":{"start":{"line":68,"column":11},"end":{"line":72,"column":5}},"33":{"start":{"line":70,"column":5},"end":{"line":70,"column":52}},"34":{"start":{"line":71,"column":5},"end":{"line":71,"column":37}},"35":{"start":{"line":73,"column":4},"end":{"line":77,"column":5}},"36":{"start":{"line":74,"column":17},"end":{"line":74,"column":89}},"37":{"start":{"line":75,"column":5},"end":{"line":75,"column":17}},"38":{"start":{"line":76,"column":5},"end":{"line":76,"column":26}},"39":{"start":{"line":79,"column":4},"end":{"line":79,"column":43}},"40":{"start":{"line":92,"column":2},"end":{"line":106,"column":6}},"41":{"start":{"line":94,"column":3},"end":{"line":105,"column":4}},"42":{"start":{"line":95,"column":4},"end":{"line":101,"column":5}},"43":{"start":{"line":96,"column":5},"end":{"line":96,"column":35}},"44":{"start":{"line":98,"column":5},"end":{"line":100,"column":6}},"45":{"start":{"line":99,"column":6},"end":{"line":99,"column":54}},"46":{"start":{"line":102,"column":4},"end":{"line":102,"column":88}},"47":{"start":{"line":104,"column":4},"end":{"line":104,"column":55}},"48":{"start":{"line":107,"column":2},"end":{"line":107,"column":15}},"49":{"start":{"line":120,"column":31},"end":{"line":120,"column":73}},"50":{"start":{"line":121,"column":17},"end":{"line":121,"column":28}},"51":{"start":{"line":122,"column":20},"end":{"line":122,"column":43}},"52":{"start":{"line":123,"column":23},"end":{"line":123,"column":40}},"53":{"start":{"line":130,"column":2},"end":{"line":133,"column":3}},"54":{"start":{"line":131,"column":3},"end":{"line":131,"column":53}},"55":{"start":{"line":132,"column":3},"end":{"line":132,"column":65}},"56":{"start":{"line":135,"column":2},"end":{"line":160,"column":13}},"57":{"start":{"line":138,"column":3},"end":{"line":140,"column":4}},"58":{"start":{"line":139,"column":4},"end":{"line":139,"column":66}},"59":{"start":{"line":149,"column":3},"end":{"line":159,"column":23}},"60":{"start":{"line":151,"column":5},"end":{"line":154,"column":27}},"61":{"start":{"line":156,"column":4},"end":{"line":158,"column":8}},"62":{"start":{"line":159,"column":10},"end":{"line":159,"column":23}},"63":{"start":{"line":171,"column":2},"end":{"line":191,"column":6}},"64":{"start":{"line":174,"column":15},"end":{"line":174,"column":34}},"65":{"start":{"line":175,"column":25},"end":{"line":175,"column":46}},"66":{"start":{"line":177,"column":3},"end":{"line":179,"column":4}},"67":{"start":{"line":178,"column":4},"end":{"line":178,"column":33}},"68":{"start":{"line":182,"column":3},"end":{"line":190,"column":4}},"69":{"start":{"line":183,"column":4},"end":{"line":185,"column":8}},"70":{"start":{"line":184,"column":5},"end":{"line":184,"column":58}},"71":{"start":{"line":188,"column":8},"end":{"line":190,"column":4}},"72":{"start":{"line":189,"column":4},"end":{"line":189,"column":60}},"73":{"start":{"line":203,"column":11},"end":{"line":203,"column":95}},"74":{"start":{"line":211,"column":2},"end":{"line":211,"column":46}},"75":{"start":{"line":212,"column":2},"end":{"line":212,"column":12}},"76":{"start":{"line":223,"column":11},"end":{"line":223,"column":40}},"77":{"start":{"line":226,"column":2},"end":{"line":236,"column":3}},"78":{"start":{"line":228,"column":13},"end":{"line":233,"column":4}},"79":{"start":{"line":234,"column":3},"end":{"line":234,"column":20}},"80":{"start":{"line":235,"column":3},"end":{"line":235,"column":13}},"81":{"start":{"line":238,"column":2},"end":{"line":238,"column":12}},"82":{"start":{"line":251,"column":2},"end":{"line":251,"column":52}},"83":{"start":{"line":252,"column":2},"end":{"line":252,"column":109}},"84":{"start":{"line":255,"column":18},"end":{"line":255,"column":72}},"85":{"start":{"line":256,"column":2},"end":{"line":258,"column":3}},"86":{"start":{"line":257,"column":3},"end":{"line":257,"column":115}},"87":{"start":{"line":261,"column":14},"end":{"line":261,"column":35}},"88":{"start":{"line":264,"column":2},"end":{"line":266,"column":3}},"89":{"start":{"line":265,"column":3},"end":{"line":265,"column":35}},"90":{"start":{"line":270,"column":2},"end":{"line":298,"column":3}},"91":{"start":{"line":274,"column":3},"end":{"line":274,"column":27}},"92":{"start":{"line":277,"column":3},"end":{"line":277,"column":69}},"93":{"start":{"line":280,"column":3},"end":{"line":282,"column":7}},"94":{"start":{"line":281,"column":4},"end":{"line":281,"column":42}},"95":{"start":{"line":281,"column":30},"end":{"line":281,"column":42}},"96":{"start":{"line":285,"column":3},"end":{"line":288,"column":4}},"97":{"start":{"line":286,"column":4},"end":{"line":286,"column":25}},"98":{"start":{"line":287,"column":4},"end":{"line":287,"column":21}},"99":{"start":{"line":291,"column":19},"end":{"line":291,"column":53}},"100":{"start":{"line":292,"column":3},"end":{"line":294,"column":5}},"101":{"start":{"line":295,"column":3},"end":{"line":297,"column":4}},"102":{"start":{"line":296,"column":4},"end":{"line":296,"column":52}},"103":{"start":{"line":301,"column":2},"end":{"line":301,"column":69}},"104":{"start":{"line":303,"column":2},"end":{"line":303,"column":15}},"105":{"start":{"line":318,"column":2},"end":{"line":318,"column":48}},"106":{"start":{"line":319,"column":2},"end":{"line":319,"column":62}},"107":{"start":{"line":322,"column":18},"end":{"line":322,"column":46}},"108":{"start":{"line":323,"column":2},"end":{"line":325,"column":3}},"109":{"start":{"line":324,"column":3},"end":{"line":324,"column":113}},"110":{"start":{"line":328,"column":15},"end":{"line":328,"column":63}},"111":{"start":{"line":331,"column":2},"end":{"line":331,"column":45}},"112":{"start":{"line":334,"column":2},"end":{"line":336,"column":6}},"113":{"start":{"line":335,"column":3},"end":{"line":335,"column":41}},"114":{"start":{"line":335,"column":29},"end":{"line":335,"column":41}},"115":{"start":{"line":339,"column":18},"end":{"line":339,"column":52}},"116":{"start":{"line":340,"column":2},"end":{"line":342,"column":4}},"117":{"start":{"line":343,"column":2},"end":{"line":345,"column":3}},"118":{"start":{"line":344,"column":3},"end":{"line":344,"column":53}},"119":{"start":{"line":347,"column":2},"end":{"line":347,"column":16}},"120":{"start":{"line":358,"column":14},"end":{"line":358,"column":57}},"121":{"start":{"line":359,"column":2},"end":{"line":359,"column":91}},"122":{"start":{"line":359,"column":16},"end":{"line":359,"column":91}},"123":{"start":{"line":361,"column":14},"end":{"line":361,"column":40}},"124":{"start":{"line":362,"column":2},"end":{"line":362,"column":134}},"125":{"start":{"line":362,"column":16},"end":{"line":362,"column":134}},"126":{"start":{"line":364,"column":2},"end":{"line":364,"column":15}},"127":{"start":{"line":371,"column":2},"end":{"line":371,"column":62}},"128":{"start":{"line":378,"column":22},"end":{"line":378,"column":67}},"129":{"start":{"line":379,"column":14},"end":{"line":379,"column":118}},"130":{"start":{"line":380,"column":2},"end":{"line":382,"column":3}},"131":{"start":{"line":381,"column":3},"end":{"line":381,"column":18}},"132":{"start":{"line":383,"column":2},"end":{"line":383,"column":15}},"133":{"start":{"line":390,"column":21},"end":{"line":390,"column":22}},"134":{"start":{"line":391,"column":13},"end":{"line":391,"column":113}},"135":{"start":{"line":392,"column":2},"end":{"line":394,"column":3}},"136":{"start":{"line":393,"column":3},"end":{"line":393,"column":16}},"137":{"start":{"line":395,"column":2},"end":{"line":395,"column":14}},"138":{"start":{"line":408,"column":1},"end":{"line":408,"column":40}},"139":{"start":{"line":408,"column":28},"end":{"line":408,"column":40}},"140":{"start":{"line":409,"column":1},"end":{"line":413,"column":2}},"141":{"start":{"line":410,"column":2},"end":{"line":410,"column":28}},"142":{"start":{"line":412,"column":2},"end":{"line":412,"column":11}}},"fnMap":{"0":{"name":"(anonymous_0)","decl":{"start":{"line":18,"column":30},"end":{"line":18,"column":31}},"loc":{"start":{"line":18,"column":56},"end":{"line":33,"column":2}},"line":18},"1":{"name":"(anonymous_1)","decl":{"start":{"line":26,"column":24},"end":{"line":26,"column":25}},"loc":{"start":{"line":26,"column":43},"end":{"line":31,"column":3}},"line":26},"2":{"name":"(anonymous_2)","decl":{"start":{"line":42,"column":18},"end":{"line":42,"column":19}},"loc":{"start":{"line":42,"column":68},"end":{"line":83,"column":2}},"line":42},"3":{"name":"(anonymous_3)","decl":{"start":{"line":49,"column":34},"end":{"line":49,"column":35}},"loc":{"start":{"line":49,"column":84},"end":{"line":81,"column":3}},"line":49},"4":{"name":"(anonymous_4)","decl":{"start":{"line":57,"column":44},"end":{"line":57,"column":45}},"loc":{"start":{"line":57,"column":67},"end":{"line":60,"column":6}},"line":57},"5":{"name":"(anonymous_5)","decl":{"start":{"line":64,"column":44},"end":{"line":64,"column":45}},"loc":{"start":{"line":64,"column":67},"end":{"line":67,"column":6}},"line":64},"6":{"name":"(anonymous_6)","decl":{"start":{"line":91,"column":18},"end":{"line":91,"column":19}},"loc":{"start":{"line":91,"column":69},"end":{"line":108,"column":2}},"line":91},"7":{"name":"(anonymous_7)","decl":{"start":{"line":92,"column":24},"end":{"line":92,"column":25}},"loc":{"start":{"line":92,"column":43},"end":{"line":106,"column":3}},"line":92},"8":{"name":"(anonymous_8)","decl":{"start":{"line":119,"column":15},"end":{"line":119,"column":16}},"loc":{"start":{"line":119,"column":39},"end":{"line":161,"column":2}},"line":119},"9":{"name":"populateEachAssociation","decl":{"start":{"line":135,"column":53},"end":{"line":135,"column":76}},"loc":{"start":{"line":135,"column":99},"end":{"line":160,"column":3}},"line":135},"10":{"name":"(anonymous_10)","decl":{"start":{"line":170,"column":16},"end":{"line":170,"column":17}},"loc":{"start":{"line":170,"column":41},"end":{"line":192,"column":2}},"line":170},"11":{"name":"(anonymous_11)","decl":{"start":{"line":171,"column":36},"end":{"line":171,"column":37}},"loc":{"start":{"line":171,"column":55},"end":{"line":191,"column":3}},"line":171},"12":{"name":"(anonymous_12)","decl":{"start":{"line":183,"column":35},"end":{"line":183,"column":36}},"loc":{"start":{"line":183,"column":67},"end":{"line":185,"column":5}},"line":183},"13":{"name":"(anonymous_13)","decl":{"start":{"line":201,"column":10},"end":{"line":201,"column":11}},"loc":{"start":{"line":201,"column":27},"end":{"line":213,"column":2}},"line":201},"14":{"name":"(anonymous_14)","decl":{"start":{"line":222,"column":12},"end":{"line":222,"column":13}},"loc":{"start":{"line":222,"column":29},"end":{"line":239,"column":2}},"line":222},"15":{"name":"(anonymous_15)","decl":{"start":{"line":248,"column":16},"end":{"line":248,"column":17}},"loc":{"start":{"line":248,"column":33},"end":{"line":304,"column":2}},"line":248},"16":{"name":"(anonymous_16)","decl":{"start":{"line":280,"column":26},"end":{"line":280,"column":27}},"loc":{"start":{"line":280,"column":41},"end":{"line":282,"column":4}},"line":280},"17":{"name":"(anonymous_17)","decl":{"start":{"line":313,"column":14},"end":{"line":313,"column":15}},"loc":{"start":{"line":313,"column":38},"end":{"line":348,"column":2}},"line":313},"18":{"name":"(anonymous_18)","decl":{"start":{"line":334,"column":27},"end":{"line":334,"column":28}},"loc":{"start":{"line":334,"column":42},"end":{"line":336,"column":3}},"line":334},"19":{"name":"(anonymous_19)","decl":{"start":{"line":355,"column":13},"end":{"line":355,"column":14}},"loc":{"start":{"line":355,"column":30},"end":{"line":365,"column":2}},"line":355},"20":{"name":"(anonymous_20)","decl":{"start":{"line":370,"column":12},"end":{"line":370,"column":13}},"loc":{"start":{"line":370,"column":29},"end":{"line":372,"column":2}},"line":370},"21":{"name":"(anonymous_21)","decl":{"start":{"line":377,"column":13},"end":{"line":377,"column":14}},"loc":{"start":{"line":377,"column":30},"end":{"line":384,"column":2}},"line":377},"22":{"name":"(anonymous_22)","decl":{"start":{"line":389,"column":12},"end":{"line":389,"column":13}},"loc":{"start":{"line":389,"column":29},"end":{"line":396,"column":2}},"line":389},"23":{"name":"tryToParseJSON","decl":{"start":{"line":407,"column":9},"end":{"line":407,"column":23}},"loc":{"start":{"line":407,"column":32},"end":{"line":414,"column":1}},"line":407}},"branchMap":{"0":{"loc":{"start":{"line":20,"column":29},"end":{"line":23,"column":3}},"type":"binary-expr","locations":[{"start":{"line":20,"column":29},"end":{"line":20,"column":61}},{"start":{"line":20,"column":65},"end":{"line":23,"column":3}}],"line":20},"1":{"loc":{"start":{"line":28,"column":3},"end":{"line":30,"column":4}},"type":"if","locations":[{"start":{"line":28,"column":3},"end":{"line":30,"column":4}},{"start":{"line":28,"column":3},"end":{"line":30,"column":4}}],"line":28},"2":{"loc":{"start":{"line":50,"column":3},"end":{"line":80,"column":4}},"type":"if","locations":[{"start":{"line":50,"column":3},"end":{"line":80,"column":4}},{"start":{"line":50,"column":3},"end":{"line":80,"column":4}}],"line":50},"3":{"loc":{"start":{"line":54,"column":4},"end":{"line":72,"column":5}},"type":"if","locations":[{"start":{"line":54,"column":4},"end":{"line":72,"column":5}},{"start":{"line":54,"column":4},"end":{"line":72,"column":5}}],"line":54},"4":{"loc":{"start":{"line":61,"column":11},"end":{"line":72,"column":5}},"type":"if","locations":[{"start":{"line":61,"column":11},"end":{"line":72,"column":5}},{"start":{"line":61,"column":11},"end":{"line":72,"column":5}}],"line":61},"5":{"loc":{"start":{"line":68,"column":11},"end":{"line":72,"column":5}},"type":"if","locations":[{"start":{"line":68,"column":11},"end":{"line":72,"column":5}},{"start":{"line":68,"column":11},"end":{"line":72,"column":5}}],"line":68},"6":{"loc":{"start":{"line":73,"column":4},"end":{"line":77,"column":5}},"type":"if","locations":[{"start":{"line":73,"column":4},"end":{"line":77,"column":5}},{"start":{"line":73,"column":4},"end":{"line":77,"column":5}}],"line":73},"7":{"loc":{"start":{"line":91,"column":50},"end":{"line":91,"column":66}},"type":"default-arg","locations":[{"start":{"line":91,"column":61},"end":{"line":91,"column":66}}],"line":91},"8":{"loc":{"start":{"line":94,"column":3},"end":{"line":105,"column":4}},"type":"if","locations":[{"start":{"line":94,"column":3},"end":{"line":105,"column":4}},{"start":{"line":94,"column":3},"end":{"line":105,"column":4}}],"line":94},"9":{"loc":{"start":{"line":95,"column":4},"end":{"line":101,"column":5}},"type":"if","locations":[{"start":{"line":95,"column":4},"end":{"line":101,"column":5}},{"start":{"line":95,"column":4},"end":{"line":101,"column":5}}],"line":95},"10":{"loc":{"start":{"line":98,"column":5},"end":{"line":100,"column":6}},"type":"if","locations":[{"start":{"line":98,"column":5},"end":{"line":100,"column":6}},{"start":{"line":98,"column":5},"end":{"line":100,"column":6}}],"line":98},"11":{"loc":{"start":{"line":102,"column":58},"end":{"line":102,"column":84}},"type":"cond-expr","locations":[{"start":{"line":102,"column":68},"end":{"line":102,"column":78}},{"start":{"line":102,"column":80},"end":{"line":102,"column":84}}],"line":102},"12":{"loc":{"start":{"line":120,"column":31},"end":{"line":120,"column":73}},"type":"binary-expr","locations":[{"start":{"line":120,"column":31},"end":{"line":120,"column":67}},{"start":{"line":120,"column":71},"end":{"line":120,"column":73}}],"line":120},"13":{"loc":{"start":{"line":130,"column":2},"end":{"line":133,"column":3}},"type":"if","locations":[{"start":{"line":130,"column":2},"end":{"line":133,"column":3}},{"start":{"line":130,"column":2},"end":{"line":133,"column":3}}],"line":130},"14":{"loc":{"start":{"line":132,"column":17},"end":{"line":132,"column":64}},"type":"cond-expr","locations":[{"start":{"line":132,"column":35},"end":{"line":132,"column":59}},{"start":{"line":132,"column":62},"end":{"line":132,"column":64}}],"line":132},"15":{"loc":{"start":{"line":138,"column":3},"end":{"line":140,"column":4}},"type":"if","locations":[{"start":{"line":138,"column":3},"end":{"line":140,"column":4}},{"start":{"line":138,"column":3},"end":{"line":140,"column":4}}],"line":138},"16":{"loc":{"start":{"line":149,"column":3},"end":{"line":159,"column":23}},"type":"if","locations":[{"start":{"line":149,"column":3},"end":{"line":159,"column":23}},{"start":{"line":149,"column":3},"end":{"line":159,"column":23}}],"line":149},"17":{"loc":{"start":{"line":151,"column":5},"end":{"line":154,"column":27}},"type":"binary-expr","locations":[{"start":{"line":151,"column":5},"end":{"line":151,"column":59}},{"start":{"line":152,"column":5},"end":{"line":152,"column":28}},{"start":{"line":153,"column":5},"end":{"line":153,"column":19}},{"start":{"line":154,"column":5},"end":{"line":154,"column":27}}],"line":151},"18":{"loc":{"start":{"line":177,"column":3},"end":{"line":179,"column":4}},"type":"if","locations":[{"start":{"line":177,"column":3},"end":{"line":179,"column":4}},{"start":{"line":177,"column":3},"end":{"line":179,"column":4}}],"line":177},"19":{"loc":{"start":{"line":182,"column":3},"end":{"line":190,"column":4}},"type":"if","locations":[{"start":{"line":182,"column":3},"end":{"line":190,"column":4}},{"start":{"line":182,"column":3},"end":{"line":190,"column":4}}],"line":182},"20":{"loc":{"start":{"line":188,"column":8},"end":{"line":190,"column":4}},"type":"if","locations":[{"start":{"line":188,"column":8},"end":{"line":190,"column":4}},{"start":{"line":188,"column":8},"end":{"line":190,"column":4}}],"line":188},"21":{"loc":{"start":{"line":188,"column":13},"end":{"line":188,"column":60}},"type":"binary-expr","locations":[{"start":{"line":188,"column":13},"end":{"line":188,"column":35}},{"start":{"line":188,"column":39},"end":{"line":188,"column":60}}],"line":188},"22":{"loc":{"start":{"line":203,"column":11},"end":{"line":203,"column":95}},"type":"binary-expr","locations":[{"start":{"line":203,"column":11},"end":{"line":203,"column":25}},{"start":{"line":203,"column":31},"end":{"line":203,"column":48}},{"start":{"line":203,"column":52},"end":{"line":203,"column":72}},{"start":{"line":203,"column":78},"end":{"line":203,"column":95}}],"line":203},"23":{"loc":{"start":{"line":211,"column":7},"end":{"line":211,"column":45}},"type":"cond-expr","locations":[{"start":{"line":211,"column":31},"end":{"line":211,"column":40}},{"start":{"line":211,"column":43},"end":{"line":211,"column":45}}],"line":211},"24":{"loc":{"start":{"line":226,"column":2},"end":{"line":236,"column":3}},"type":"if","locations":[{"start":{"line":226,"column":2},"end":{"line":236,"column":3}},{"start":{"line":226,"column":2},"end":{"line":236,"column":3}}],"line":226},"25":{"loc":{"start":{"line":251,"column":25},"end":{"line":251,"column":51}},"type":"binary-expr","locations":[{"start":{"line":251,"column":25},"end":{"line":251,"column":45}},{"start":{"line":251,"column":49},"end":{"line":251,"column":51}}],"line":251},"26":{"loc":{"start":{"line":252,"column":35},"end":{"line":252,"column":108}},"type":"binary-expr","locations":[{"start":{"line":252,"column":35},"end":{"line":252,"column":65}},{"start":{"line":252,"column":69},"end":{"line":252,"column":108}}],"line":252},"27":{"loc":{"start":{"line":255,"column":18},"end":{"line":255,"column":72}},"type":"binary-expr","locations":[{"start":{"line":255,"column":18},"end":{"line":255,"column":38}},{"start":{"line":255,"column":42},"end":{"line":255,"column":72}}],"line":255},"28":{"loc":{"start":{"line":256,"column":2},"end":{"line":258,"column":3}},"type":"if","locations":[{"start":{"line":256,"column":2},"end":{"line":258,"column":3}},{"start":{"line":256,"column":2},"end":{"line":258,"column":3}}],"line":256},"29":{"loc":{"start":{"line":256,"column":7},"end":{"line":256,"column":43}},"type":"binary-expr","locations":[{"start":{"line":256,"column":7},"end":{"line":256,"column":16}},{"start":{"line":256,"column":20},"end":{"line":256,"column":43}}],"line":256},"30":{"loc":{"start":{"line":264,"column":2},"end":{"line":266,"column":3}},"type":"if","locations":[{"start":{"line":264,"column":2},"end":{"line":266,"column":3}},{"start":{"line":264,"column":2},"end":{"line":266,"column":3}}],"line":264},"31":{"loc":{"start":{"line":270,"column":2},"end":{"line":298,"column":3}},"type":"if","locations":[{"start":{"line":270,"column":2},"end":{"line":298,"column":3}},{"start":{"line":270,"column":2},"end":{"line":298,"column":3}}],"line":270},"32":{"loc":{"start":{"line":277,"column":26},"end":{"line":277,"column":66}},"type":"binary-expr","locations":[{"start":{"line":277,"column":26},"end":{"line":277,"column":35}},{"start":{"line":277,"column":39},"end":{"line":277,"column":66}}],"line":277},"33":{"loc":{"start":{"line":281,"column":4},"end":{"line":281,"column":42}},"type":"if","locations":[{"start":{"line":281,"column":4},"end":{"line":281,"column":42}},{"start":{"line":281,"column":4},"end":{"line":281,"column":42}}],"line":281},"34":{"loc":{"start":{"line":285,"column":3},"end":{"line":288,"column":4}},"type":"if","locations":[{"start":{"line":285,"column":3},"end":{"line":288,"column":4}},{"start":{"line":285,"column":3},"end":{"line":288,"column":4}}],"line":285},"35":{"loc":{"start":{"line":291,"column":19},"end":{"line":291,"column":53}},"type":"binary-expr","locations":[{"start":{"line":291,"column":19},"end":{"line":291,"column":36}},{"start":{"line":291,"column":40},"end":{"line":291,"column":53}}],"line":291},"36":{"loc":{"start":{"line":292,"column":15},"end":{"line":294,"column":4}},"type":"cond-expr","locations":[{"start":{"line":292,"column":41},"end":{"line":292,"column":50}},{"start":{"line":292,"column":53},"end":{"line":294,"column":4}}],"line":292},"37":{"loc":{"start":{"line":295,"column":3},"end":{"line":297,"column":4}},"type":"if","locations":[{"start":{"line":295,"column":3},"end":{"line":297,"column":4}},{"start":{"line":295,"column":3},"end":{"line":297,"column":4}}],"line":295},"38":{"loc":{"start":{"line":301,"column":10},"end":{"line":301,"column":68}},"type":"binary-expr","locations":[{"start":{"line":301,"column":10},"end":{"line":301,"column":55}},{"start":{"line":301,"column":59},"end":{"line":301,"column":68}}],"line":301},"39":{"loc":{"start":{"line":301,"column":23},"end":{"line":301,"column":46}},"type":"binary-expr","locations":[{"start":{"line":301,"column":23},"end":{"line":301,"column":40}},{"start":{"line":301,"column":44},"end":{"line":301,"column":46}}],"line":301},"40":{"loc":{"start":{"line":318,"column":23},"end":{"line":318,"column":47}},"type":"binary-expr","locations":[{"start":{"line":318,"column":23},"end":{"line":318,"column":41}},{"start":{"line":318,"column":45},"end":{"line":318,"column":47}}],"line":318},"41":{"loc":{"start":{"line":323,"column":2},"end":{"line":325,"column":3}},"type":"if","locations":[{"start":{"line":323,"column":2},"end":{"line":325,"column":3}},{"start":{"line":323,"column":2},"end":{"line":325,"column":3}}],"line":323},"42":{"loc":{"start":{"line":323,"column":7},"end":{"line":323,"column":43}},"type":"binary-expr","locations":[{"start":{"line":323,"column":7},"end":{"line":323,"column":16}},{"start":{"line":323,"column":20},"end":{"line":323,"column":43}}],"line":323},"43":{"loc":{"start":{"line":328,"column":15},"end":{"line":328,"column":63}},"type":"binary-expr","locations":[{"start":{"line":328,"column":15},"end":{"line":328,"column":57}},{"start":{"line":328,"column":61},"end":{"line":328,"column":63}}],"line":328},"44":{"loc":{"start":{"line":331,"column":27},"end":{"line":331,"column":42}},"type":"binary-expr","locations":[{"start":{"line":331,"column":27},"end":{"line":331,"column":36}},{"start":{"line":331,"column":40},"end":{"line":331,"column":42}}],"line":331},"45":{"loc":{"start":{"line":335,"column":3},"end":{"line":335,"column":41}},"type":"if","locations":[{"start":{"line":335,"column":3},"end":{"line":335,"column":41}},{"start":{"line":335,"column":3},"end":{"line":335,"column":41}}],"line":335},"46":{"loc":{"start":{"line":339,"column":18},"end":{"line":339,"column":52}},"type":"binary-expr","locations":[{"start":{"line":339,"column":18},"end":{"line":339,"column":35}},{"start":{"line":339,"column":39},"end":{"line":339,"column":52}}],"line":339},"47":{"loc":{"start":{"line":340,"column":14},"end":{"line":342,"column":3}},"type":"cond-expr","locations":[{"start":{"line":340,"column":40},"end":{"line":340,"column":49}},{"start":{"line":340,"column":52},"end":{"line":342,"column":3}}],"line":340},"48":{"loc":{"start":{"line":343,"column":2},"end":{"line":345,"column":3}},"type":"if","locations":[{"start":{"line":343,"column":2},"end":{"line":345,"column":3}},{"start":{"line":343,"column":2},"end":{"line":345,"column":3}}],"line":343},"49":{"loc":{"start":{"line":358,"column":14},"end":{"line":358,"column":57}},"type":"binary-expr","locations":[{"start":{"line":358,"column":14},"end":{"line":358,"column":31}},{"start":{"line":358,"column":35},"end":{"line":358,"column":57}}],"line":358},"50":{"loc":{"start":{"line":359,"column":2},"end":{"line":359,"column":91}},"type":"if","locations":[{"start":{"line":359,"column":2},"end":{"line":359,"column":91}},{"start":{"line":359,"column":2},"end":{"line":359,"column":91}}],"line":359},"51":{"loc":{"start":{"line":362,"column":2},"end":{"line":362,"column":134}},"type":"if","locations":[{"start":{"line":362,"column":2},"end":{"line":362,"column":134}},{"start":{"line":362,"column":2},"end":{"line":362,"column":134}}],"line":362},"52":{"loc":{"start":{"line":371,"column":9},"end":{"line":371,"column":61}},"type":"binary-expr","locations":[{"start":{"line":371,"column":9},"end":{"line":371,"column":28}},{"start":{"line":371,"column":32},"end":{"line":371,"column":48}},{"start":{"line":371,"column":52},"end":{"line":371,"column":61}}],"line":371},"53":{"loc":{"start":{"line":378,"column":22},"end":{"line":378,"column":67}},"type":"binary-expr","locations":[{"start":{"line":378,"column":22},"end":{"line":378,"column":58}},{"start":{"line":378,"column":62},"end":{"line":378,"column":67}}],"line":378},"54":{"loc":{"start":{"line":379,"column":14},"end":{"line":379,"column":118}},"type":"binary-expr","locations":[{"start":{"line":379,"column":14},"end":{"line":379,"column":34}},{"start":{"line":379,"column":40},"end":{"line":379,"column":116}}],"line":379},"55":{"loc":{"start":{"line":379,"column":40},"end":{"line":379,"column":116}},"type":"cond-expr","locations":[{"start":{"line":379,"column":83},"end":{"line":379,"column":100}},{"start":{"line":379,"column":103},"end":{"line":379,"column":116}}],"line":379},"56":{"loc":{"start":{"line":380,"column":2},"end":{"line":382,"column":3}},"type":"if","locations":[{"start":{"line":380,"column":2},"end":{"line":382,"column":3}},{"start":{"line":380,"column":2},"end":{"line":382,"column":3}}],"line":380},"57":{"loc":{"start":{"line":391,"column":13},"end":{"line":391,"column":113}},"type":"binary-expr","locations":[{"start":{"line":391,"column":13},"end":{"line":391,"column":32}},{"start":{"line":391,"column":38},"end":{"line":391,"column":111}}],"line":391},"58":{"loc":{"start":{"line":391,"column":38},"end":{"line":391,"column":111}},"type":"cond-expr","locations":[{"start":{"line":391,"column":80},"end":{"line":391,"column":96}},{"start":{"line":391,"column":99},"end":{"line":391,"column":111}}],"line":391},"59":{"loc":{"start":{"line":392,"column":2},"end":{"line":394,"column":3}},"type":"if","locations":[{"start":{"line":392,"column":2},"end":{"line":394,"column":3}},{"start":{"line":392,"column":2},"end":{"line":394,"column":3}}],"line":392},"60":{"loc":{"start":{"line":408,"column":1},"end":{"line":408,"column":40}},"type":"if","locations":[{"start":{"line":408,"column":1},"end":{"line":408,"column":40}},{"start":{"line":408,"column":1},"end":{"line":408,"column":40}}],"line":408}},"s":{"0":0,"1":0,"2":0,"3":0,"4":0,"5":0,"6":0,"7":0,"8":0,"9":0,"10":0,"11":0,"12":0,"13":0,"14":0,"15":0,"16":0,"17":0,"18":0,"19":0,"20":0,"21":0,"22":0,"23":0,"24":0,"25":0,"26":0,"27":0,"28":0,"29":0,"30":0,"31":0,"32":0,"33":0,"34":0,"35":0,"36":0,"37":0,"38":0,"39":0,"40":0,"41":0,"42":0,"43":0,"44":0,"45":0,"46":0,"47":0,"48":0,"49":0,"50":0,"51":0,"52":0,"53":0,"54":0,"55":0,"56":0,"57":0,"58":0,"59":0,"60":0,"61":0,"62":0,"63":0,"64":0,"65":0,"66":0,"67":0,"68":0,"69":0,"70":0,"71":0,"72":0,"73":0,"74":0,"75":0,"76":0,"77":0,"78":0,"79":0,"80":0,"81":0,"82":0,"83":0,"84":0,"85":0,"86":0,"87":0,"88":0,"89":0,"90":0,"91":0,"92":0,"93":0,"94":0,"95":0,"96":0,"97":0,"98":0,"99":0,"100":0,"101":0,"102":0,"103":0,"104":0,"105":0,"106":0,"107":0,"108":0,"109":0,"110":0,"111":0,"112":0,"113":0,"114":0,"115":0,"116":0,"117":0,"118":0,"119":0,"120":0,"121":0,"122":0,"123":0,"124":0,"125":0,"126":0,"127":0,"128":0,"129":0,"130":0,"131":0,"132":0,"133":0,"134":0,"135":0,"136":0,"137":0,"138":0,"139":0,"140":0,"141":0,"142":0},"f":{"0":0,"1":0,"2":0,"3":0,"4":0,"5":0,"6":0,"7":0,"8":0,"9":0,"10":0,"11":0,"12":0,"13":0,"14":0,"15":0,"16":0,"17":0,"18":0,"19":0,"20":0,"21":0,"22":0,"23":0},"b":{"0":[0,0],"1":[0,0],"2":[0,0],"3":[0,0],"4":[0,0],"5":[0,0],"6":[0,0],"7":[0],"8":[0,0],"9":[0,0],"10":[0,0],"11":[0,0],"12":[0,0],"13":[0,0],"14":[0,0],"15":[0,0],"16":[0,0],"17":[0,0,0,0],"18":[0,0],"19":[0,0],"20":[0,0],"21":[0,0],"22":[0,0,0,0],"23":[0,0],"24":[0,0],"25":[0,0],"26":[0,0],"27":[0,0],"28":[0,0],"29":[0,0],"30":[0,0],"31":[0,0],"32":[0,0],"33":[0,0],"34":[0,0],"35":[0,0],"36":[0,0],"37":[0,0],"38":[0,0],"39":[0,0],"40":[0,0],"41":[0,0],"42":[0,0],"43":[0,0],"44":[0,0],"45":[0,0],"46":[0,0],"47":[0,0],"48":[0,0],"49":[0,0],"50":[0,0],"51":[0,0],"52":[0,0,0],"53":[0,0],"54":[0,0],"55":[0,0],"56":[0,0],"57":[0,0],"58":[0,0],"59":[0,0],"60":[0,0]}},"/home/luiz.carraro/Projetos/sails-rest-blueprints/blueprints/_util/basicActionUtil.js":{"path":"/home/luiz.carraro/Projetos/sails-rest-blueprints/blueprints/_util/basicActionUtil.js","statementMap":{"0":{"start":{"line":5,"column":8},"end":{"line":5,"column":27}},"1":{"start":{"line":6,"column":20},"end":{"line":6,"column":26}},"2":{"start":{"line":7,"column":20},"end":{"line":7,"column":30}},"3":{"start":{"line":8,"column":20},"end":{"line":8,"column":29}},"4":{"start":{"line":9,"column":20},"end":{"line":9,"column":30}},"5":{"start":{"line":10,"column":20},"end":{"line":10,"column":30}},"6":{"start":{"line":11,"column":20},"end":{"line":11,"column":33}},"7":{"start":{"line":12,"column":20},"end":{"line":12,"column":28}},"8":{"start":{"line":13,"column":20},"end":{"line":13,"column":26}},"9":{"start":{"line":14,"column":20},"end":{"line":14,"column":27}},"10":{"start":{"line":15,"column":20},"end":{"line":15,"column":31}},"11":{"start":{"line":17,"column":16},"end":{"line":17,"column":31}},"12":{"start":{"line":18,"column":16},"end":{"line":18,"column":36}},"13":{"start":{"line":22,"column":27},"end":{"line":22,"column":37}},"14":{"start":{"line":26,"column":4},"end":{"line":26,"column":34}},"15":{"start":{"line":34,"column":24},"end":{"line":398,"column":1}},"16":{"start":{"line":46,"column":17},"end":{"line":46,"column":56}},"17":{"start":{"line":48,"column":29},"end":{"line":48,"column":82}},"18":{"start":{"line":49,"column":4},"end":{"line":49,"column":57}},"19":{"start":{"line":51,"column":4},"end":{"line":51,"column":55}},"20":{"start":{"line":52,"column":4},"end":{"line":52,"column":68}},"21":{"start":{"line":53,"column":4},"end":{"line":53,"column":34}},"22":{"start":{"line":55,"column":15},"end":{"line":55,"column":17}},"23":{"start":{"line":57,"column":4},"end":{"line":57,"column":50}},"24":{"start":{"line":60,"column":4},"end":{"line":75,"column":5}},"25":{"start":{"line":62,"column":6},"end":{"line":74,"column":10}},"26":{"start":{"line":64,"column":8},"end":{"line":68,"column":9}},"27":{"start":{"line":65,"column":10},"end":{"line":65,"column":84}},"28":{"start":{"line":67,"column":10},"end":{"line":67,"column":79}},"29":{"start":{"line":71,"column":8},"end":{"line":73,"column":9}},"30":{"start":{"line":72,"column":10},"end":{"line":72,"column":33}},"31":{"start":{"line":77,"column":27},"end":{"line":103,"column":5}},"32":{"start":{"line":80,"column":6},"end":{"line":80,"column":34}},"33":{"start":{"line":81,"column":6},"end":{"line":101,"column":10}},"34":{"start":{"line":83,"column":8},"end":{"line":87,"column":9}},"35":{"start":{"line":84,"column":10},"end":{"line":84,"column":84}},"36":{"start":{"line":86,"column":10},"end":{"line":86,"column":79}},"37":{"start":{"line":89,"column":8},"end":{"line":96,"column":9}},"38":{"start":{"line":90,"column":10},"end":{"line":90,"column":96}},"39":{"start":{"line":90,"column":26},"end":{"line":90,"column":96}},"40":{"start":{"line":91,"column":10},"end":{"line":95,"column":11}},"41":{"start":{"line":92,"column":12},"end":{"line":92,"column":73}},"42":{"start":{"line":94,"column":12},"end":{"line":94,"column":30}},"43":{"start":{"line":97,"column":8},"end":{"line":100,"column":9}},"44":{"start":{"line":98,"column":10},"end":{"line":98,"column":96}},"45":{"start":{"line":98,"column":26},"end":{"line":98,"column":96}},"46":{"start":{"line":99,"column":10},"end":{"line":99,"column":59}},"47":{"start":{"line":102,"column":6},"end":{"line":102,"column":20}},"48":{"start":{"line":106,"column":4},"end":{"line":112,"column":5}},"49":{"start":{"line":107,"column":6},"end":{"line":109,"column":10}},"50":{"start":{"line":108,"column":8},"end":{"line":108,"column":101}},"51":{"start":{"line":111,"column":6},"end":{"line":111,"column":63}},"52":{"start":{"line":114,"column":4},"end":{"line":122,"column":5}},"53":{"start":{"line":116,"column":6},"end":{"line":121,"column":10}},"54":{"start":{"line":117,"column":8},"end":{"line":117,"column":60}},"55":{"start":{"line":117,"column":53},"end":{"line":117,"column":60}},"56":{"start":{"line":118,"column":8},"end":{"line":120,"column":12}},"57":{"start":{"line":119,"column":10},"end":{"line":119,"column":27}},"58":{"start":{"line":124,"column":4},"end":{"line":124,"column":16}},"59":{"start":{"line":137,"column":33},"end":{"line":137,"column":75}},"60":{"start":{"line":138,"column":19},"end":{"line":138,"column":30}},"61":{"start":{"line":139,"column":22},"end":{"line":139,"column":45}},"62":{"start":{"line":140,"column":25},"end":{"line":140,"column":66}},"63":{"start":{"line":147,"column":4},"end":{"line":150,"column":5}},"64":{"start":{"line":148,"column":6},"end":{"line":148,"column":56}},"65":{"start":{"line":149,"column":6},"end":{"line":149,"column":68}},"66":{"start":{"line":152,"column":4},"end":{"line":183,"column":15}},"67":{"start":{"line":155,"column":6},"end":{"line":157,"column":7}},"68":{"start":{"line":156,"column":8},"end":{"line":156,"column":68}},"69":{"start":{"line":167,"column":6},"end":{"line":182,"column":26}},"70":{"start":{"line":170,"column":8},"end":{"line":170,"column":73}},"71":{"start":{"line":170,"column":30},"end":{"line":170,"column":73}},"72":{"start":{"line":173,"column":10},"end":{"line":176,"column":32}},"73":{"start":{"line":178,"column":8},"end":{"line":181,"column":12}},"74":{"start":{"line":182,"column":13},"end":{"line":182,"column":26}},"75":{"start":{"line":194,"column":4},"end":{"line":214,"column":8}},"76":{"start":{"line":197,"column":18},"end":{"line":197,"column":37}},"77":{"start":{"line":198,"column":28},"end":{"line":198,"column":49}},"78":{"start":{"line":200,"column":6},"end":{"line":202,"column":7}},"79":{"start":{"line":201,"column":8},"end":{"line":201,"column":37}},"80":{"start":{"line":205,"column":6},"end":{"line":213,"column":7}},"81":{"start":{"line":206,"column":8},"end":{"line":208,"column":12}},"82":{"start":{"line":207,"column":10},"end":{"line":207,"column":63}},"83":{"start":{"line":211,"column":11},"end":{"line":213,"column":7}},"84":{"start":{"line":212,"column":8},"end":{"line":212,"column":64}},"85":{"start":{"line":225,"column":13},"end":{"line":225,"column":27}},"86":{"start":{"line":228,"column":4},"end":{"line":238,"column":5}},"87":{"start":{"line":230,"column":16},"end":{"line":235,"column":7}},"88":{"start":{"line":236,"column":6},"end":{"line":236,"column":23}},"89":{"start":{"line":237,"column":6},"end":{"line":237,"column":16}},"90":{"start":{"line":239,"column":4},"end":{"line":239,"column":14}},"91":{"start":{"line":252,"column":4},"end":{"line":252,"column":54}},"92":{"start":{"line":253,"column":4},"end":{"line":253,"column":111}},"93":{"start":{"line":256,"column":20},"end":{"line":256,"column":74}},"94":{"start":{"line":257,"column":4},"end":{"line":259,"column":5}},"95":{"start":{"line":258,"column":6},"end":{"line":258,"column":118}},"96":{"start":{"line":262,"column":16},"end":{"line":262,"column":37}},"97":{"start":{"line":265,"column":4},"end":{"line":267,"column":5}},"98":{"start":{"line":266,"column":6},"end":{"line":266,"column":38}},"99":{"start":{"line":271,"column":4},"end":{"line":299,"column":5}},"100":{"start":{"line":275,"column":6},"end":{"line":275,"column":30}},"101":{"start":{"line":278,"column":6},"end":{"line":278,"column":70}},"102":{"start":{"line":281,"column":6},"end":{"line":283,"column":10}},"103":{"start":{"line":282,"column":8},"end":{"line":282,"column":44}},"104":{"start":{"line":282,"column":32},"end":{"line":282,"column":44}},"105":{"start":{"line":286,"column":6},"end":{"line":289,"column":7}},"106":{"start":{"line":287,"column":8},"end":{"line":287,"column":29}},"107":{"start":{"line":288,"column":8},"end":{"line":288,"column":25}},"108":{"start":{"line":292,"column":22},"end":{"line":292,"column":56}},"109":{"start":{"line":293,"column":6},"end":{"line":295,"column":8}},"110":{"start":{"line":296,"column":6},"end":{"line":298,"column":7}},"111":{"start":{"line":297,"column":8},"end":{"line":297,"column":54}},"112":{"start":{"line":302,"column":4},"end":{"line":302,"column":69}},"113":{"start":{"line":304,"column":4},"end":{"line":304,"column":17}},"114":{"start":{"line":319,"column":4},"end":{"line":319,"column":50}},"115":{"start":{"line":320,"column":4},"end":{"line":320,"column":64}},"116":{"start":{"line":323,"column":20},"end":{"line":323,"column":48}},"117":{"start":{"line":324,"column":4},"end":{"line":326,"column":5}},"118":{"start":{"line":325,"column":6},"end":{"line":325,"column":116}},"119":{"start":{"line":329,"column":17},"end":{"line":329,"column":61}},"120":{"start":{"line":332,"column":4},"end":{"line":332,"column":45}},"121":{"start":{"line":335,"column":4},"end":{"line":337,"column":8}},"122":{"start":{"line":336,"column":6},"end":{"line":336,"column":42}},"123":{"start":{"line":336,"column":30},"end":{"line":336,"column":42}},"124":{"start":{"line":340,"column":20},"end":{"line":340,"column":54}},"125":{"start":{"line":341,"column":4},"end":{"line":343,"column":6}},"126":{"start":{"line":344,"column":4},"end":{"line":346,"column":5}},"127":{"start":{"line":345,"column":6},"end":{"line":345,"column":54}},"128":{"start":{"line":348,"column":4},"end":{"line":348,"column":18}},"129":{"start":{"line":359,"column":16},"end":{"line":359,"column":59}},"130":{"start":{"line":360,"column":4},"end":{"line":360,"column":93}},"131":{"start":{"line":360,"column":18},"end":{"line":360,"column":93}},"132":{"start":{"line":362,"column":16},"end":{"line":362,"column":42}},"133":{"start":{"line":363,"column":4},"end":{"line":363,"column":136}},"134":{"start":{"line":363,"column":18},"end":{"line":363,"column":136}},"135":{"start":{"line":365,"column":4},"end":{"line":365,"column":17}},"136":{"start":{"line":372,"column":4},"end":{"line":372,"column":64}},"137":{"start":{"line":379,"column":24},"end":{"line":379,"column":66}},"138":{"start":{"line":380,"column":16},"end":{"line":380,"column":120}},"139":{"start":{"line":381,"column":4},"end":{"line":383,"column":5}},"140":{"start":{"line":382,"column":6},"end":{"line":382,"column":21}},"141":{"start":{"line":384,"column":4},"end":{"line":384,"column":17}},"142":{"start":{"line":391,"column":23},"end":{"line":391,"column":24}},"143":{"start":{"line":392,"column":15},"end":{"line":392,"column":115}},"144":{"start":{"line":393,"column":4},"end":{"line":395,"column":5}},"145":{"start":{"line":394,"column":6},"end":{"line":394,"column":19}},"146":{"start":{"line":396,"column":4},"end":{"line":396,"column":16}},"147":{"start":{"line":409,"column":2},"end":{"line":409,"column":39}},"148":{"start":{"line":409,"column":27},"end":{"line":409,"column":39}},"149":{"start":{"line":410,"column":2},"end":{"line":414,"column":3}},"150":{"start":{"line":411,"column":4},"end":{"line":411,"column":30}},"151":{"start":{"line":413,"column":4},"end":{"line":413,"column":13}},"152":{"start":{"line":417,"column":0},"end":{"line":417,"column":33}}},"fnMap":{"0":{"name":"(anonymous_0)","decl":{"start":{"line":45,"column":16},"end":{"line":45,"column":17}},"loc":{"start":{"line":45,"column":75},"end":{"line":125,"column":3}},"line":45},"1":{"name":"(anonymous_1)","decl":{"start":{"line":62,"column":31},"end":{"line":62,"column":32}},"loc":{"start":{"line":62,"column":50},"end":{"line":74,"column":7}},"line":62},"2":{"name":"(anonymous_2)","decl":{"start":{"line":77,"column":27},"end":{"line":77,"column":28}},"loc":{"start":{"line":77,"column":47},"end":{"line":103,"column":5}},"line":77},"3":{"name":"(anonymous_3)","decl":{"start":{"line":81,"column":31},"end":{"line":81,"column":32}},"loc":{"start":{"line":81,"column":50},"end":{"line":101,"column":7}},"line":81},"4":{"name":"(anonymous_4)","decl":{"start":{"line":107,"column":26},"end":{"line":107,"column":27}},"loc":{"start":{"line":107,"column":46},"end":{"line":109,"column":7}},"line":107},"5":{"name":"(anonymous_5)","decl":{"start":{"line":116,"column":23},"end":{"line":116,"column":24}},"loc":{"start":{"line":116,"column":47},"end":{"line":121,"column":7}},"line":116},"6":{"name":"(anonymous_6)","decl":{"start":{"line":118,"column":35},"end":{"line":118,"column":36}},"loc":{"start":{"line":118,"column":55},"end":{"line":120,"column":9}},"line":118},"7":{"name":"(anonymous_7)","decl":{"start":{"line":136,"column":16},"end":{"line":136,"column":17}},"loc":{"start":{"line":136,"column":40},"end":{"line":184,"column":3}},"line":136},"8":{"name":"populateEachAssociation","decl":{"start":{"line":152,"column":55},"end":{"line":152,"column":78}},"loc":{"start":{"line":152,"column":101},"end":{"line":183,"column":5}},"line":152},"9":{"name":"(anonymous_9)","decl":{"start":{"line":193,"column":17},"end":{"line":193,"column":18}},"loc":{"start":{"line":193,"column":42},"end":{"line":215,"column":3}},"line":193},"10":{"name":"(anonymous_10)","decl":{"start":{"line":194,"column":39},"end":{"line":194,"column":40}},"loc":{"start":{"line":194,"column":58},"end":{"line":214,"column":5}},"line":194},"11":{"name":"(anonymous_11)","decl":{"start":{"line":206,"column":40},"end":{"line":206,"column":41}},"loc":{"start":{"line":206,"column":72},"end":{"line":208,"column":9}},"line":206},"12":{"name":"(anonymous_12)","decl":{"start":{"line":249,"column":17},"end":{"line":249,"column":18}},"loc":{"start":{"line":249,"column":34},"end":{"line":305,"column":3}},"line":249},"13":{"name":"(anonymous_13)","decl":{"start":{"line":281,"column":27},"end":{"line":281,"column":28}},"loc":{"start":{"line":281,"column":42},"end":{"line":283,"column":7}},"line":281},"14":{"name":"(anonymous_14)","decl":{"start":{"line":314,"column":15},"end":{"line":314,"column":16}},"loc":{"start":{"line":314,"column":39},"end":{"line":349,"column":3}},"line":314},"15":{"name":"(anonymous_15)","decl":{"start":{"line":335,"column":27},"end":{"line":335,"column":28}},"loc":{"start":{"line":335,"column":42},"end":{"line":337,"column":5}},"line":335},"16":{"name":"(anonymous_16)","decl":{"start":{"line":356,"column":14},"end":{"line":356,"column":15}},"loc":{"start":{"line":356,"column":31},"end":{"line":366,"column":3}},"line":356},"17":{"name":"(anonymous_17)","decl":{"start":{"line":371,"column":13},"end":{"line":371,"column":14}},"loc":{"start":{"line":371,"column":30},"end":{"line":373,"column":3}},"line":371},"18":{"name":"(anonymous_18)","decl":{"start":{"line":378,"column":14},"end":{"line":378,"column":15}},"loc":{"start":{"line":378,"column":31},"end":{"line":385,"column":3}},"line":378},"19":{"name":"(anonymous_19)","decl":{"start":{"line":390,"column":13},"end":{"line":390,"column":14}},"loc":{"start":{"line":390,"column":30},"end":{"line":397,"column":3}},"line":390},"20":{"name":"tryToParseJSON","decl":{"start":{"line":408,"column":9},"end":{"line":408,"column":23}},"loc":{"start":{"line":408,"column":32},"end":{"line":415,"column":1}},"line":408}},"branchMap":{"0":{"loc":{"start":{"line":45,"column":57},"end":{"line":45,"column":73}},"type":"default-arg","locations":[{"start":{"line":45,"column":68},"end":{"line":45,"column":73}}],"line":45},"1":{"loc":{"start":{"line":46,"column":17},"end":{"line":46,"col
[...]
ine":12,"column":0},"end":{"line":82,"column":2}}},"fnMap":{},"branchMap":{},"s":{"0":0},"f":{},"b":{}},"/home/luiz.carraro/Projetos/sails-rest-blueprints/tests/dummy/config/views.js":{"path":"/home/luiz.carraro/Projetos/sails-rest-blueprints/tests/dummy/config/views.js","statementMap":{"0":{"start":{"line":17,"column":0},"end":{"line":41,"column":2}}},"fnMap":{},"branchMap":{},"s":{"0":0},"f":{},"b":{}},"/home/luiz.carraro/Projetos/sails-rest-blueprints/tests/dummy/Gruntfile.js":{"path":"/home/luiz.carraro/Projetos/sails-rest-blueprints/tests/dummy/Gruntfile.js","statementMap":{"0":{"start":{"line":15,"column":0},"end":{"line":23,"column":2}},"1":{"start":{"line":17,"column":23},"end":{"line":17,"column":78}},"2":{"start":{"line":21,"column":2},"end":{"line":21,"column":35}}},"fnMap":{"0":{"name":"(anonymous_0)","decl":{"start":{"line":15,"column":17},"end":{"line":15,"column":18}},"loc":{"start":{"line":15,"column":33},"end":{"line":23,"column":1}},"line":15}},"branchMap":{},"s":{"0":0,"1":0,"2":0},"f":{"0":0},"b":{}},"/home/luiz.carraro/Projetos/sails-rest-blueprints/tests/dummy/tasks/config/babel.js":{"path":"/home/luiz.carraro/Projetos/sails-rest-blueprints/tests/dummy/tasks/config/babel.js","statementMap":{"0":{"start":{"line":12,"column":0},"end":{"line":54,"column":2}},"1":{"start":{"line":14,"column":2},"end":{"line":28,"column":5}}},"fnMap":{"0":{"name":"(anonymous_0)","decl":{"start":{"line":12,"column":17},"end":{"line":12,"column":18}},"loc":{"start":{"line":12,"column":33},"end":{"line":54,"column":1}},"line":12}},"branchMap":{},"s":{"0":0,"1":0},"f":{"0":0},"b":{}},"/home/luiz.carraro/Projetos/sails-rest-blueprints/tests/dummy/tasks/config/clean.js":{"path":"/home/luiz.carraro/Projetos/sails-rest-blueprints/tests/dummy/tasks/config/clean.js","statementMap":{"0":{"start":{"line":12,"column":0},"end":{"line":52,"column":2}},"1":{"start":{"line":14,"column":2},"end":{"line":26,"column":5}}},"fnMap":{"0":{"name":"(anonymous_0)","decl":{"start":{"line":12,"column":17},"end":{"line":12,"column":18}},"loc":{"start":{"line":12,"column":33},"end":{"line":52,"column":1}},"line":12}},"branchMap":{},"s":{"0":0,"1":0},"f":{"0":0},"b":{}},"/home/luiz.carraro/Projetos/sails-rest-blueprints/tests/dummy/tasks/config/coffee.js":{"path":"/home/luiz.carraro/Projetos/sails-rest-blueprints/tests/dummy/tasks/config/coffee.js","statementMap":{"0":{"start":{"line":13,"column":0},"end":{"line":56,"column":2}},"1":{"start":{"line":15,"column":2},"end":{"line":30,"column":5}}},"fnMap":{"0":{"name":"(anonymous_0)","decl":{"start":{"line":13,"column":17},"end":{"line":13,"column":18}},"loc":{"start":{"line":13,"column":33},"end":{"line":56,"column":1}},"line":13}},"branchMap":{},"s":{"0":0,"1":0},"f":{"0":0},"b":{}},"/home/luiz.carraro/Projetos/sails-rest-blueprints/tests/dummy/tasks/config/concat.js":{"path":"/home/luiz.carraro/Projetos/sails-rest-blueprints/tests/dummy/tasks/config/concat.js","statementMap":{"0":{"start":{"line":13,"column":0},"end":{"line":50,"column":2}},"1":{"start":{"line":15,"column":2},"end":{"line":24,"column":5}}},"fnMap":{"0":{"name":"(anonymous_0)","decl":{"start":{"line":13,"column":17},"end":{"line":13,"column":18}},"loc":{"start":{"line":13,"column":33},"end":{"line":50,"column":1}},"line":13}},"branchMap":{},"s":{"0":0,"1":0},"f":{"0":0},"b":{}},"/home/luiz.carraro/Projetos/sails-rest-blueprints/tests/dummy/tasks/config/copy.js":{"path":"/home/luiz.carraro/Projetos/sails-rest-blueprints/tests/dummy/tasks/config/copy.js","statementMap":{"0":{"start":{"line":12,"column":0},"end":{"line":65,"column":2}},"1":{"start":{"line":14,"column":2},"end":{"line":39,"column":5}}},"fnMap":{"0":{"name":"(anonymous_0)","decl":{"start":{"line":12,"column":17},"end":{"line":12,"column":18}},"loc":{"start":{"line":12,"column":33},"end":{"line":65,"column":1}},"line":12}},"branchMap":{},"s":{"0":0,"1":0},"f":{"0":0},"b":{}},"/home/luiz.carraro/Projetos/sails-rest-blueprints/tests/dummy/tasks/config/cssmin.js":{"path":"/home/luiz.carraro/Projetos/sails-rest-blueprints/tests/dummy/tasks/config/cssmin.js","statementMap":{"0":{"start":{"line":14,"column":0},"end":{"line":47,"column":2}},"1":{"start":{"line":16,"column":2},"end":{"line":21,"column":5}}},"fnMap":{"0":{"name":"(anonymous_0)","decl":{"start":{"line":14,"column":17},"end":{"line":14,"column":18}},"loc":{"start":{"line":14,"column":33},"end":{"line":47,"column":1}},"line":14}},"branchMap":{},"s":{"0":0,"1":0},"f":{"0":0},"b":{}},"/home/luiz.carraro/Projetos/sails-rest-blueprints/tests/dummy/tasks/config/hash.js":{"path":"/home/luiz.carraro/Projetos/sails-rest-blueprints/tests/dummy/tasks/config/hash.js","statementMap":{"0":{"start":{"line":12,"column":0},"end":{"line":62,"column":2}},"1":{"start":{"line":14,"column":2},"end":{"line":36,"column":5}},"2":{"start":{"line":22,"column":8},"end":{"line":24,"column":9}},"3":{"start":{"line":23,"column":10},"end":{"line":23,"column":357}},"4":{"start":{"line":25,"column":8},"end":{"line":25,"column":91}}},"fnMap":{"0":{"name":"(anonymous_0)","decl":{"start":{"line":12,"column":17},"end":{"line":12,"column":18}},"loc":{"start":{"line":12,"column":33},"end":{"line":62,"column":1}},"line":12},"1":{"name":"(anonymous_1)","decl":{"start":{"line":21,"column":20},"end":{"line":21,"column":21}},"loc":{"start":{"line":21,"column":46},"end":{"line":26,"column":7}},"line":21}},"branchMap":{"0":{"loc":{"start":{"line":22,"column":8},"end":{"line":24,"column":9}},"type":"if","locations":[{"start":{"line":22,"column":8},"end":{"line":24,"column":9}},{"start":{"line":22,"column":8},"end":{"line":24,"column":9}}],"line":22},"1":{"loc":{"start":{"line":22,"column":12},"end":{"line":22,"column":32}},"type":"binary-expr","locations":[{"start":{"line":22,"column":12},"end":{"line":22,"column":19}},{"start":{"line":22,"column":23},"end":{"line":22,"column":32}}],"line":22}},"s":{"0":0,"1":0,"2":0,"3":0,"4":0},"f":{"0":0,"1":0},"b":{"0":[0,0],"1":[0,0]}},"/home/luiz.carraro/Projetos/sails-rest-blueprints/tests/dummy/tasks/config/jst.js":{"path":"/home/luiz.carraro/Projetos/sails-rest-blueprints/tests/dummy/tasks/config/jst.js","statementMap":{"0":{"start":{"line":13,"column":0},"end":{"line":62,"column":2}},"1":{"start":{"line":15,"column":2},"end":{"line":36,"column":5}}},"fnMap":{"0":{"name":"(anonymous_0)","decl":{"start":{"line":13,"column":17},"end":{"line":13,"column":18}},"loc":{"start":{"line":13,"column":33},"end":{"line":62,"column":1}},"line":13}},"branchMap":{},"s":{"0":0,"1":0},"f":{"0":0},"b":{}},"/home/luiz.carraro/Projetos/sails-rest-blueprints/tests/dummy/tasks/config/less.js":{"path":"/home/luiz.carraro/Projetos/sails-rest-blueprints/tests/dummy/tasks/config/less.js","statementMap":{"0":{"start":{"line":12,"column":0},"end":{"line":50,"column":2}},"1":{"start":{"line":14,"column":2},"end":{"line":24,"column":5}}},"fnMap":{"0":{"name":"(anonymous_0)","decl":{"start":{"line":12,"column":17},"end":{"line":12,"column":18}},"loc":{"start":{"line":12,"column":33},"end":{"line":50,"column":1}},"line":12}},"branchMap":{},"s":{"0":0,"1":0},"f":{"0":0},"b":{}},"/home/luiz.carraro/Projetos/sails-rest-blueprints/tests/dummy/tasks/config/sails-linker.js":{"path":"/home/luiz.carraro/Projetos/sails-rest-blueprints/tests/dummy/tasks/config/sails-linker.js","statementMap":{"0":{"start":{"line":14,"column":0},"end":{"line":221,"column":2}},"1":{"start":{"line":16,"column":2},"end":{"line":195,"column":5}}},"fnMap":{"0":{"name":"(anonymous_0)","decl":{"start":{"line":14,"column":17},"end":{"line":14,"column":18}},"loc":{"start":{"line":14,"column":33},"end":{"line":221,"column":1}},"line":14}},"branchMap":{},"s":{"0":0,"1":0},"f":{"0":0},"b":{}},"/home/luiz.carraro/Projetos/sails-rest-blueprints/tests/dummy/tasks/config/sync.js":{"path":"/home/luiz.carraro/Projetos/sails-rest-blueprints/tests/dummy/tasks/config/sync.js","statementMap":{"0":{"start":{"line":13,"column":0},"end":{"line":49,"column":2}},"1":{"start":{"line":15,"column":2},"end":{"line":23,"column":5}}},"fnMap":{"0":{"name":"(anonymous_0)","decl":{"start":{"line":13,"column":17},"end":{"line":13,"column":18}},"loc":{"start":{"line":13,"column":33},"end":{"line":49,"column":1}},"line":13}},"branchMap":{},"s":{"0":0,"1":0},"f":{"0":0},"b":{}},"/home/luiz.carraro/Projetos/sails-rest-blueprints/tests/dummy/tasks/config/uglify.js":{"path":"/home/luiz.carraro/Projetos/sails-rest-blueprints/tests/dummy/tasks/config/uglify.js","statementMap":{"0":{"start":{"line":12,"column":0},"end":{"line":61,"column":2}},"1":{"start":{"line":14,"column":2},"end":{"line":35,"column":5}}},"fnMap":{"0":{"name":"(anonymous_0)","decl":{"start":{"line":12,"column":17},"end":{"line":12,"column":18}},"loc":{"start":{"line":12,"column":33},"end":{"line":61,"column":1}},"line":12}},"branchMap":{},"s":{"0":0,"1":0},"f":{"0":0},"b":{}},"/home/luiz.carraro/Projetos/sails-rest-blueprints/tests/dummy/tasks/config/watch.js":{"path":"/home/luiz.carraro/Projetos/sails-rest-blueprints/tests/dummy/tasks/config/watch.js","statementMap":{"0":{"start":{"line":12,"column":0},"end":{"line":56,"column":2}},"1":{"start":{"line":14,"column":2},"end":{"line":30,"column":5}}},"fnMap":{"0":{"name":"(anonymous_0)","decl":{"start":{"line":12,"column":17},"end":{"line":12,"column":18}},"loc":{"start":{"line":12,"column":33},"end":{"line":56,"column":1}},"line":12}},"branchMap":{},"s":{"0":0,"1":0},"f":{"0":0},"b":{}},"/home/luiz.carraro/Projetos/sails-rest-blueprints/tests/dummy/tasks/pipeline.js":{"path":"/home/luiz.carraro/Projetos/sails-rest-blueprints/tests/dummy/tasks/pipeline.js","statementMap":{"0":{"start":{"line":34,"column":23},"end":{"line":43,"column":1}},"1":{"start":{"line":62,"column":22},"end":{"line":76,"column":1}},"2":{"start":{"line":104,"column":28},"end":{"line":106,"column":1}},"3":{"start":{"line":122,"column":14},"end":{"line":122,"column":28}},"4":{"start":{"line":127,"column":0},"end":{"line":133,"column":3}},"5":{"start":{"line":129,"column":2},"end":{"line":131,"column":3}},"6":{"start":{"line":130,"column":4},"end":{"line":130,"column":66}},"7":{"start":{"line":132,"column":2},"end":{"line":132,"column":48}},"8":{"start":{"line":134,"column":0},"end":{"line":140,"column":3}},"9":{"start":{"line":136,"column":2},"end":{"line":138,"column":3}},"10":{"start":{"line":137,"column":4},"end":{"line":137,"column":65}},"11":{"start":{"line":139,"column":2},"end":{"line":139,"column":47}},"12":{"start":{"line":141,"column":0},"end":{"line":147,"column":3}},"13":{"start":{"line":143,"column":2},"end":{"line":145,"column":3}},"14":{"start":{"line":144,"column":4},"end":{"line":144,"column":63}},"15":{"start":{"line":146,"column":2},"end":{"line":146,"column":50}}},"fnMap":{"0":{"name":"(anonymous_0)","decl":{"start":{"line":127,"column":55},"end":{"line":127,"column":56}},"loc":{"start":{"line":127,"column":66},"end":{"line":133,"column":1}},"line":127},"1":{"name":"(anonymous_1)","decl":{"start":{"line":134,"column":53},"end":{"line":134,"column":54}},"loc":{"start":{"line":134,"column":63},"end":{"line":140,"column":1}},"line":134},"2":{"name":"(anonymous_2)","decl":{"start":{"line":141,"column":65},"end":{"line":141,"column":66}},"loc":{"start":{"line":141,"column":76},"end":{"line":147,"column":1}},"line":141}},"branchMap":{"0":{"loc":{"start":{"line":129,"column":2},"end":{"line":131,"column":3}},"type":"if","locations":[{"start":{"line":129,"column":2},"end":{"line":131,"column":3}},{"start":{"line":129,"column":2},"end":{"line":131,"column":3}}],"line":129},"1":{"loc":{"start":{"line":136,"column":2},"end":{"line":138,"column":3}},"type":"if","locations":[{"start":{"line":136,"column":2},"end":{"line":138,"column":3}},{"start":{"line":136,"column":2},"end":{"line":138,"column":3}}],"line":136},"2":{"loc":{"start":{"line":143,"column":2},"end":{"line":145,"column":3}},"type":"if","locations":[{"start":{"line":143,"column":2},"end":{"line":145,"column":3}},{"start":{"line":143,"column":2},"end":{"line":145,"column":3}}],"line":143}},"s":{"0":0,"1":0,"2":0,"3":0,"4":0,"5":0,"6":0,"7":0,"8":0,"9":0,"10":0,"11":0,"12":0,"13":0,"14":0,"15":0},"f":{"0":0,"1":0,"2":0},"b":{"0":[0,0],"1":[0,0],"2":[0,0]}},"/home/luiz.carraro/Projetos/sails-rest-blueprints/tests/dummy/tasks/register/build.js":{"path":"/home/luiz.carraro/Projetos/sails-rest-blueprints/tests/dummy/tasks/register/build.js","statementMap":{"0":{"start":{"line":13,"column":0},"end":{"line":22,"column":2}},"1":{"start":{"line":14,"column":2},"end":{"line":21,"column":5}}},"fnMap":{"0":{"name":"(anonymous_0)","decl":{"start":{"line":13,"column":17},"end":{"line":13,"column":18}},"loc":{"start":{"line":13,"column":33},"end":{"line":22,"column":1}},"line":13}},"branchMap":{},"s":{"0":0,"1":0},"f":{"0":0},"b":{}},"/home/luiz.carraro/Projetos/sails-rest-blueprints/tests/dummy/tasks/register/buildProd.js":{"path":"/home/luiz.carraro/Projetos/sails-rest-blueprints/tests/dummy/tasks/register/buildProd.js","statementMap":{"0":{"start":{"line":14,"column":0},"end":{"line":29,"column":2}},"1":{"start":{"line":15,"column":2},"end":{"line":28,"column":5}}},"fnMap":{"0":{"name":"(anonymous_0)","decl":{"start":{"line":14,"column":17},"end":{"line":14,"column":18}},"loc":{"start":{"line":14,"column":33},"end":{"line":29,"column":1}},"line":14}},"branchMap":{},"s":{"0":0,"1":0},"f":{"0":0},"b":{}},"/home/luiz.carraro/Projetos/sails-rest-blueprints/tests/dummy/tasks/register/compileAssets.js":{"path":"/home/luiz.carraro/Projetos/sails-rest-blueprints/tests/dummy/tasks/register/compileAssets.js","statementMap":{"0":{"start":{"line":10,"column":0},"end":{"line":18,"column":2}},"1":{"start":{"line":11,"column":2},"end":{"line":17,"column":5}}},"fnMap":{"0":{"name":"(anonymous_0)","decl":{"start":{"line":10,"column":17},"end":{"line":10,"column":18}},"loc":{"start":{"line":10,"column":33},"end":{"line":18,"column":1}},"line":10}},"branchMap":{},"s":{"0":0,"1":0},"f":{"0":0},"b":{}},"/home/luiz.carraro/Projetos/sails-rest-blueprints/tests/dummy/tasks/register/default.js":{"path":"/home/luiz.carraro/Projetos/sails-rest-blueprints/tests/dummy/tasks/register/default.js","statementMap":{"0":{"start":{"line":15,"column":0},"end":{"line":27,"column":2}},"1":{"start":{"line":18,"column":2},"end":{"line":24,"column":5}}},"fnMap":{"0":{"name":"(anonymous_0)","decl":{"start":{"line":15,"column":17},"end":{"line":15,"column":18}},"loc":{"start":{"line":15,"column":34},"end":{"line":27,"column":1}},"line":15}},"branchMap":{},"s":{"0":0,"1":0},"f":{"0":0},"b":{}},"/home/luiz.carraro/Projetos/sails-rest-blueprints/tests/dummy/tasks/register/linkAssets.js":{"path":"/home/luiz.carraro/Projetos/sails-rest-blueprints/tests/dummy/tasks/register/linkAssets.js","statementMap":{"0":{"start":{"line":10,"column":0},"end":{"line":16,"column":2}},"1":{"start":{"line":11,"column":2},"end":{"line":15,"column":5}}},"fnMap":{"0":{"name":"(anonymous_0)","decl":{"start":{"line":10,"column":17},"end":{"line":10,"column":18}},"loc":{"start":{"line":10,"column":33},"end":{"line":16,"column":1}},"line":10}},"branchMap":{},"s":{"0":0,"1":0},"f":{"0":0},"b":{}},"/home/luiz.carraro/Projetos/sails-rest-blueprints/tests/dummy/tasks/register/linkAssetsBuild.js":{"path":"/home/luiz.carraro/Projetos/sails-rest-blueprints/tests/dummy/tasks/register/linkAssetsBuild.js","statementMap":{"0":{"start":{"line":10,"column":0},"end":{"line":16,"column":2}},"1":{"start":{"line":11,"column":2},"end":{"line":15,"column":5}}},"fnMap":{"0":{"name":"(anonymous_0)","decl":{"start":{"line":10,"column":17},"end":{"line":10,"column":18}},"loc":{"start":{"line":10,"column":33},"end":{"line":16,"column":1}},"line":10}},"branchMap":{},"s":{"0":0,"1":0},"f":{"0":0},"b":{}},"/home/luiz.carraro/Projetos/sails-rest-blueprints/tests/dummy/tasks/register/linkAssetsBuildProd.js":{"path":"/home/luiz.carraro/Projetos/sails-rest-blueprints/tests/dummy/tasks/register/linkAssetsBuildProd.js","statementMap":{"0":{"start":{"line":10,"column":0},"end":{"line":16,"column":2}},"1":{"start":{"line":11,"column":2},"end":{"line":15,"column":5}}},"fnMap":{"0":{"name":"(anonymous_0)","decl":{"start":{"line":10,"column":17},"end":{"line":10,"column":18}},"loc":{"start":{"line":10,"column":33},"end":{"line":16,"column":1}},"line":10}},"branchMap":{},"s":{"0":0,"1":0},"f":{"0":0},"b":{}},"/home/luiz.carraro/Projetos/sails-rest-blueprints/tests/dummy/tasks/register/polyfill.js":{"path":"/home/luiz.carraro/Projetos/sails-rest-blueprints/tests/dummy/tasks/register/polyfill.js","statementMap":{"0":{"start":{"line":10,"column":0},"end":{"line":27,"column":2}},"1":{"start":{"line":11,"column":2},"end":{"line":13,"column":5}},"2":{"start":{"line":12,"column":4},"end":{"line":12,"column":137}},"3":{"start":{"line":14,"column":2},"end":{"line":26,"column":5}},"4":{"start":{"line":15,"column":4},"end":{"line":20,"column":8}},"5":{"start":{"line":21,"column":23},"end":{"line":21,"column":67}},"6":{"start":{"line":22,"column":4},"end":{"line":25,"column":12}},"7":{"start":{"line":23,"column":6},"end":{"line":23,"column":100}},"8":{"start":{"line":24,"column":6},"end":{"line":24,"column":31}}},"fnMap":{"0":{"name":"(anonymous_0)","decl":{"start":{"line":10,"column":17},"end":{"line":10,"column":18}},"loc":{"start":{"line":10,"column":33},"end":{"line":27,"column":1}},"line":10},"1":{"name":"(anonymous_1)","decl":{"start":{"line":11,"column":110},"end":{"line":11,"column":111}},"loc":{"start":{"line":11,"column":114},"end":{"line":13,"column":3}},"line":11},"2":{"name":"(anonymous_2)","decl":{"start":{"line":14,"column":111},"end":{"line":14,"column":112}},"loc":{"start":{"line":14,"column":115},"end":{"line":26,"column":3}},"line":14},"3":{"name":"(anonymous_3)","decl":{"start":{"line":22,"column":82},"end":{"line":22,"column":83}},"loc":{"start":{"line":22,"column":109},"end":{"line":25,"column":5}},"line":22}},"branchMap":{},"s":{"0":0,"1":0,"2":0,"3":0,"4":0,"5":0,"6":0,"7":0,"8":0},"f":{"0":0,"1":0,"2":0,"3":0},"b":{}},"/home/luiz.carraro/Projetos/sails-rest-blueprints/tests/dummy/tasks/register/prod.js":{"path":"/home/luiz.carraro/Projetos/sails-rest-blueprints/tests/dummy/tasks/register/prod.js","statementMap":{"0":{"start":{"line":14,"column":0},"end":{"line":26,"column":2}},"1":{"start":{"line":15,"column":2},"end":{"line":25,"column":5}}},"fnMap":{"0":{"name":"(anonymous_0)","decl":{"start":{"line":14,"column":17},"end":{"line":14,"column":18}},"loc":{"start":{"line":14,"column":33},"end":{"line":26,"column":1}},"line":14}},"branchMap":{},"s":{"0":0,"1":0},"f":{"0":0},"b":{}},"/home/luiz.carraro/Projetos/sails-rest-blueprints/tests/dummy/tasks/register/syncAssets.js":{"path":"/home/luiz.carraro/Projetos/sails-rest-blueprints/tests/dummy/tasks/register/syncAssets.js","statementMap":{"0":{"start":{"line":10,"column":0},"end":{"line":17,"column":2}},"1":{"start":{"line":11,"column":2},"end":{"line":16,"column":5}}},"fnMap":{"0":{"name":"(anonymous_0)","decl":{"start":{"line":10,"column":17},"end":{"line":10,"column":18}},"loc":{"start":{"line":10,"column":33},"end":{"line":17,"column":1}},"line":10}},"branchMap":{},"s":{"0":0,"1":0},"f":{"0":0},"b":{}},"/home/luiz.carraro/Projetos/sails-rest-blueprints/tests/helper.js":{"path":"/home/luiz.carraro/Projetos/sails-rest-blueprints/tests/helper.js","statementMap":{"0":{"start":{"line":2,"column":0},"end":{"line":13,"column":2}},"1":{"start":{"line":4,"column":19},"end":{"line":4,"column":21}},"2":{"start":{"line":5,"column":4},"end":{"line":10,"column":5}},"3":{"start":{"line":6,"column":6},"end":{"line":9,"column":10}},"4":{"start":{"line":11,"column":4},"end":{"line":11,"column":33}}},"fnMap":{},"branchMap":{"0":{"loc":{"start":{"line":3,"column":15},"end":{"line":3,"column":27}},"type":"default-arg","locations":[{"start":{"line":3,"column":26},"end":{"line":3,"column":27}}],"line":3},"1":{"loc":{"start":{"line":3,"column":29},"end":{"line":3,"column":50}},"type":"default-arg","locations":[{"start":{"line":3,"column":43},"end":{"line":3,"column":50}}],"line":3}},"s":{"0":0,"1":0,"2":0,"3":0,"4":0},"f":{},"b":{"0":[0],"1":[0]}}}